<?xml version="1.0" encoding="UTF-8"?>
<robot generator="Robot 3.1.1 (Python 3.7.0 on win32)" generated="20190322 12:05:07.174" rpa="false">
<suite id="s1" name="Demo" source="C:\Users\ZTE_testing\PycharmProjects\robot\demo.robot">
<kw name="Setup_Suite" library="demokeyword" type="setup">
<msg timestamp="20190322 12:05:07.574" level="TRACE">Arguments: [  ]</msg>
<kw name="Create Webdriver" library="Selenium2Library">
<doc>Creates an instance of Selenium WebDriver.</doc>
<arguments>
<arg>${BROWSER}</arg>
</arguments>
<msg timestamp="20190322 12:05:07.575" level="TRACE">Arguments: [ 'Chrome' ]</msg>
<msg timestamp="20190322 12:05:07.575" level="INFO">Creating an instance of the Chrome WebDriver.</msg>
<msg timestamp="20190322 12:05:08.115" level="DEBUG">POST http://127.0.0.1:56321/session {"capabilities": {"firstMatch": [{}], "alwaysMatch": {"browserName": "chrome", "platformName": "any", "goog:chromeOptions": {"extensions": [], "args": []}}}, "desiredCapabilities": {"browserName": "chrome", "version": "", "platform": "ANY", "goog:chromeOptions": {"extensions": [], "args": []}}}</msg>
<msg timestamp="20190322 12:05:08.116" level="DEBUG">Starting new HTTP connection (1): 127.0.0.1:56321</msg>
<msg timestamp="20190322 12:05:12.456" level="DEBUG">http://127.0.0.1:56321 "POST /session HTTP/1.1" 200 968</msg>
<msg timestamp="20190322 12:05:12.457" level="DEBUG">Finished Request</msg>
<msg timestamp="20190322 12:05:12.458" level="DEBUG">Created Chrome WebDriver instance with session id 71053efd469192709cfe5a72e49cc1d2.</msg>
<msg timestamp="20190322 12:05:12.458" level="TRACE">Return: 1</msg>
<status status="PASS" starttime="20190322 12:05:07.574" endtime="20190322 12:05:12.458"></status>
</kw>
<msg timestamp="20190322 12:05:12.458" level="TRACE">Return: None</msg>
<status status="PASS" starttime="20190322 12:05:07.574" endtime="20190322 12:05:12.459"></status>
</kw>
<test id="s1-t1" name="Wrong Password Login">
<kw name="Setup_Test" library="demokeyword" type="setup">
<msg timestamp="20190322 12:05:12.462" level="TRACE">Arguments: [  ]</msg>
<kw name="Go To" library="Selenium2Library">
<doc>Navigates the active browser instance to the provided ``url``.</doc>
<arguments>
<arg>${URL}</arg>
</arguments>
<msg timestamp="20190322 12:05:12.463" level="TRACE">Arguments: [ 'http://localhost/wordpress' ]</msg>
<msg timestamp="20190322 12:05:12.464" level="INFO">Opening url 'http://localhost/wordpress'</msg>
<msg timestamp="20190322 12:05:12.464" level="DEBUG">POST http://127.0.0.1:56321/session/71053efd469192709cfe5a72e49cc1d2/url {"url": "http://localhost/wordpress", "sessionId": "71053efd469192709cfe5a72e49cc1d2"}</msg>
<msg timestamp="20190322 12:05:15.715" level="DEBUG">http://127.0.0.1:56321 "POST /session/71053efd469192709cfe5a72e49cc1d2/url HTTP/1.1" 200 72</msg>
<msg timestamp="20190322 12:05:15.716" level="DEBUG">Finished Request</msg>
<msg timestamp="20190322 12:05:15.716" level="TRACE">Return: None</msg>
<status status="PASS" starttime="20190322 12:05:12.463" endtime="20190322 12:05:15.716"></status>
</kw>
<kw name="Title Should Be" library="Selenium2Library">
<doc>Verifies that current page title equals ``title``.</doc>
<arguments>
<arg>NCS-Testing – Eine weitere WordPress-Website</arg>
</arguments>
<msg timestamp="20190322 12:05:15.717" level="TRACE">Arguments: [ 'NCS-Testing – Eine weitere WordPress-Website' ]</msg>
<msg timestamp="20190322 12:05:15.718" level="DEBUG">GET http://127.0.0.1:56321/session/71053efd469192709cfe5a72e49cc1d2/title {"sessionId": "71053efd469192709cfe5a72e49cc1d2"}</msg>
<msg timestamp="20190322 12:05:15.733" level="DEBUG">http://127.0.0.1:56321 "GET /session/71053efd469192709cfe5a72e49cc1d2/title HTTP/1.1" 200 116</msg>
<msg timestamp="20190322 12:05:15.734" level="DEBUG">Finished Request</msg>
<msg timestamp="20190322 12:05:15.734" level="INFO">Page title is 'NCS-Testing – Eine weitere WordPress-Website'.</msg>
<msg timestamp="20190322 12:05:15.734" level="TRACE">Return: None</msg>
<status status="PASS" starttime="20190322 12:05:15.717" endtime="20190322 12:05:15.734"></status>
</kw>
<msg timestamp="20190322 12:05:15.734" level="TRACE">Return: None</msg>
<status status="PASS" starttime="20190322 12:05:12.461" endtime="20190322 12:05:15.734"></status>
</kw>
<kw name="Navigate To Login Page" library="demokeyword">
<msg timestamp="20190322 12:05:15.735" level="TRACE">Arguments: [  ]</msg>
<kw name="Click Element" library="Selenium2Library">
<doc>Click element identified by ``locator``.</doc>
<arguments>
<arg>link:Anmelden</arg>
</arguments>
<msg timestamp="20190322 12:05:15.735" level="TRACE">Arguments: [ 'link:Anmelden' ]</msg>
<msg timestamp="20190322 12:05:15.736" level="INFO">Clicking element 'link:Anmelden'.</msg>
<msg timestamp="20190322 12:05:15.736" level="DEBUG">POST http://127.0.0.1:56321/session/71053efd469192709cfe5a72e49cc1d2/elements {"using": "link text", "value": "Anmelden", "sessionId": "71053efd469192709cfe5a72e49cc1d2"}</msg>
<msg timestamp="20190322 12:05:15.793" level="DEBUG">http://127.0.0.1:56321 "POST /session/71053efd469192709cfe5a72e49cc1d2/elements HTTP/1.1" 200 104</msg>
<msg timestamp="20190322 12:05:15.794" level="DEBUG">Finished Request</msg>
<msg timestamp="20190322 12:05:15.794" level="DEBUG">POST http://127.0.0.1:56321/session/71053efd469192709cfe5a72e49cc1d2/element/0.9622740220887014-1/click {"id": "0.9622740220887014-1", "sessionId": "71053efd469192709cfe5a72e49cc1d2"}</msg>
<msg timestamp="20190322 12:05:17.215" level="DEBUG">http://127.0.0.1:56321 "POST /session/71053efd469192709cfe5a72e49cc1d2/element/0.9622740220887014-1/click HTTP/1.1" 200 72</msg>
<msg timestamp="20190322 12:05:17.216" level="DEBUG">Finished Request</msg>
<msg timestamp="20190322 12:05:17.217" level="TRACE">Return: None</msg>
<status status="PASS" starttime="20190322 12:05:15.735" endtime="20190322 12:05:17.217"></status>
</kw>
<msg timestamp="20190322 12:05:17.217" level="TRACE">Return: None</msg>
<status status="PASS" starttime="20190322 12:05:15.734" endtime="20190322 12:05:17.218"></status>
</kw>
<kw name="Input Username" library="demokeyword">
<arguments>
<arg>${SuperUser}</arg>
</arguments>
<msg timestamp="20190322 12:05:17.219" level="TRACE">Arguments: [ ${username}='admin' ]</msg>
<kw name="Wait Until Element Is Visible" library="Selenium2Library">
<doc>Waits until element ``locator`` is visible.</doc>
<arguments>
<arg>user_login</arg>
</arguments>
<msg timestamp="20190322 12:05:17.221" level="TRACE">Arguments: [ 'user_login' ]</msg>
<msg timestamp="20190322 12:05:17.221" level="DEBUG">POST http://127.0.0.1:56321/session/71053efd469192709cfe5a72e49cc1d2/elements {"using": "xpath", "value": "//*[(@id='user_login' or @name='user_login')]", "sessionId": "71053efd469192709cfe5a72e49cc1d2"}</msg>
<msg timestamp="20190322 12:05:17.300" level="DEBUG">http://127.0.0.1:56321 "POST /session/71053efd469192709cfe5a72e49cc1d2/elements HTTP/1.1" 200 104</msg>
<msg timestamp="20190322 12:05:17.301" level="DEBUG">Finished Request</msg>
<msg timestamp="20190322 12:05:17.301" level="DEBUG">GET http://127.0.0.1:56321/session/71053efd469192709cfe5a72e49cc1d2/element/0.8642595299374238-1/displayed {"id": "0.8642595299374238-1", "sessionId": "71053efd469192709cfe5a72e49cc1d2"}</msg>
<msg timestamp="20190322 12:05:17.323" level="DEBUG">http://127.0.0.1:56321 "GET /session/71053efd469192709cfe5a72e49cc1d2/element/0.8642595299374238-1/displayed HTTP/1.1" 200 72</msg>
<msg timestamp="20190322 12:05:17.324" level="DEBUG">Finished Request</msg>
<msg timestamp="20190322 12:05:17.324" level="TRACE">Return: None</msg>
<status status="PASS" starttime="20190322 12:05:17.220" endtime="20190322 12:05:17.324"></status>
</kw>
<kw name="Click Element" library="Selenium2Library">
<doc>Click element identified by ``locator``.</doc>
<arguments>
<arg>user_login</arg>
</arguments>
<msg timestamp="20190322 12:05:17.325" level="TRACE">Arguments: [ 'user_login' ]</msg>
<msg timestamp="20190322 12:05:17.325" level="INFO">Clicking element 'user_login'.</msg>
<msg timestamp="20190322 12:05:17.325" level="DEBUG">POST http://127.0.0.1:56321/session/71053efd469192709cfe5a72e49cc1d2/elements {"using": "xpath", "value": "//*[(@id='user_login' or @name='user_login')]", "sessionId": "71053efd469192709cfe5a72e49cc1d2"}</msg>
<msg timestamp="20190322 12:05:17.337" level="DEBUG">http://127.0.0.1:56321 "POST /session/71053efd469192709cfe5a72e49cc1d2/elements HTTP/1.1" 200 104</msg>
<msg timestamp="20190322 12:05:17.338" level="DEBUG">Finished Request</msg>
<msg timestamp="20190322 12:05:17.338" level="DEBUG">POST http://127.0.0.1:56321/session/71053efd469192709cfe5a72e49cc1d2/element/0.8642595299374238-1/click {"id": "0.8642595299374238-1", "sessionId": "71053efd469192709cfe5a72e49cc1d2"}</msg>
<msg timestamp="20190322 12:05:17.400" level="DEBUG">http://127.0.0.1:56321 "POST /session/71053efd469192709cfe5a72e49cc1d2/element/0.8642595299374238-1/click HTTP/1.1" 200 72</msg>
<msg timestamp="20190322 12:05:17.401" level="DEBUG">Finished Request</msg>
<msg timestamp="20190322 12:05:17.401" level="TRACE">Return: None</msg>
<status status="PASS" starttime="20190322 12:05:17.324" endtime="20190322 12:05:17.401"></status>
</kw>
<kw name="Input Text" library="Selenium2Library">
<doc>Types the given ``text`` into text field identified by ``locator``.</doc>
<arguments>
<arg>user_login</arg>
<arg>${username}</arg>
</arguments>
<msg timestamp="20190322 12:05:17.402" level="TRACE">Arguments: [ 'user_login' | 'admin' ]</msg>
<msg timestamp="20190322 12:05:17.402" level="INFO">Typing text 'admin' into text field 'user_login'.</msg>
<msg timestamp="20190322 12:05:17.402" level="DEBUG">POST http://127.0.0.1:56321/session/71053efd469192709cfe5a72e49cc1d2/elements {"using": "xpath", "value": "//*[(@id='user_login' or @name='user_login')]", "sessionId": "71053efd469192709cfe5a72e49cc1d2"}</msg>
<msg timestamp="20190322 12:05:17.414" level="DEBUG">http://127.0.0.1:56321 "POST /session/71053efd469192709cfe5a72e49cc1d2/elements HTTP/1.1" 200 104</msg>
<msg timestamp="20190322 12:05:17.415" level="DEBUG">Finished Request</msg>
<msg timestamp="20190322 12:05:17.415" level="DEBUG">POST http://127.0.0.1:56321/session/71053efd469192709cfe5a72e49cc1d2/element/0.8642595299374238-1/clear {"id": "0.8642595299374238-1", "sessionId": "71053efd469192709cfe5a72e49cc1d2"}</msg>
<msg timestamp="20190322 12:05:17.449" level="DEBUG">http://127.0.0.1:56321 "POST /session/71053efd469192709cfe5a72e49cc1d2/element/0.8642595299374238-1/clear HTTP/1.1" 200 72</msg>
<msg timestamp="20190322 12:05:17.449" level="DEBUG">Finished Request</msg>
<msg timestamp="20190322 12:05:17.449" level="DEBUG">POST http://127.0.0.1:56321/session/71053efd469192709cfe5a72e49cc1d2/element/0.8642595299374238-1/value {"text": "admin", "value": ["a", "d", "m", "i", "n"], "id": "0.8642595299374238-1", "sessionId": "71053efd469192709cfe5a72e49cc1d2"}</msg>
<msg timestamp="20190322 12:05:17.519" level="DEBUG">http://127.0.0.1:56321 "POST /session/71053efd469192709cfe5a72e49cc1d2/element/0.8642595299374238-1/value HTTP/1.1" 200 72</msg>
<msg timestamp="20190322 12:05:17.520" level="DEBUG">Finished Request</msg>
<msg timestamp="20190322 12:05:17.520" level="TRACE">Return: None</msg>
<status status="PASS" starttime="20190322 12:05:17.401" endtime="20190322 12:05:17.520"></status>
</kw>
<msg timestamp="20190322 12:05:17.520" level="TRACE">Return: None</msg>
<status status="PASS" starttime="20190322 12:05:17.218" endtime="20190322 12:05:17.521"></status>
</kw>
<kw name="Input Password" library="demokeyword">
<arguments>
<arg>FALSCH</arg>
</arguments>
<msg timestamp="20190322 12:05:17.521" level="TRACE">Arguments: [ ${password}='FALSCH' ]</msg>
<kw name="Input Text" library="Selenium2Library">
<doc>Types the given ``text`` into text field identified by ``locator``.</doc>
<arguments>
<arg>user_pass</arg>
<arg>${password}</arg>
</arguments>
<msg timestamp="20190322 12:05:17.522" level="TRACE">Arguments: [ 'user_pass' | 'FALSCH' ]</msg>
<msg timestamp="20190322 12:05:17.522" level="INFO">Typing text 'FALSCH' into text field 'user_pass'.</msg>
<msg timestamp="20190322 12:05:17.523" level="DEBUG">POST http://127.0.0.1:56321/session/71053efd469192709cfe5a72e49cc1d2/elements {"using": "xpath", "value": "//*[(@id='user_pass' or @name='user_pass')]", "sessionId": "71053efd469192709cfe5a72e49cc1d2"}</msg>
<msg timestamp="20190322 12:05:17.551" level="DEBUG">http://127.0.0.1:56321 "POST /session/71053efd469192709cfe5a72e49cc1d2/elements HTTP/1.1" 200 104</msg>
<msg timestamp="20190322 12:05:17.552" level="DEBUG">Finished Request</msg>
<msg timestamp="20190322 12:05:17.552" level="DEBUG">POST http://127.0.0.1:56321/session/71053efd469192709cfe5a72e49cc1d2/element/0.8642595299374238-2/clear {"id": "0.8642595299374238-2", "sessionId": "71053efd469192709cfe5a72e49cc1d2"}</msg>
<msg timestamp="20190322 12:05:17.599" level="DEBUG">http://127.0.0.1:56321 "POST /session/71053efd469192709cfe5a72e49cc1d2/element/0.8642595299374238-2/clear HTTP/1.1" 200 72</msg>
<msg timestamp="20190322 12:05:17.600" level="DEBUG">Finished Request</msg>
<msg timestamp="20190322 12:05:17.600" level="DEBUG">POST http://127.0.0.1:56321/session/71053efd469192709cfe5a72e49cc1d2/element/0.8642595299374238-2/value {"text": "FALSCH", "value": ["F", "A", "L", "S", "C", "H"], "id": "0.8642595299374238-2", "sessionId": "71053efd469192709cfe5a72e49cc1d2"}</msg>
<msg timestamp="20190322 12:05:17.686" level="DEBUG">http://127.0.0.1:56321 "POST /session/71053efd469192709cfe5a72e49cc1d2/element/0.8642595299374238-2/value HTTP/1.1" 200 72</msg>
<msg timestamp="20190322 12:05:17.686" level="DEBUG">Finished Request</msg>
<msg timestamp="20190322 12:05:17.687" level="TRACE">Return: None</msg>
<status status="PASS" starttime="20190322 12:05:17.522" endtime="20190322 12:05:17.687"></status>
</kw>
<msg timestamp="20190322 12:05:17.687" level="TRACE">Return: None</msg>
<status status="PASS" starttime="20190322 12:05:17.521" endtime="20190322 12:05:17.687"></status>
</kw>
<kw name="Submit Credentials" library="demokeyword">
<msg timestamp="20190322 12:05:17.688" level="TRACE">Arguments: [  ]</msg>
<kw name="Click Button" library="Selenium2Library">
<doc>Clicks button identified by ``locator``.</doc>
<arguments>
<arg>wp-submit</arg>
</arguments>
<msg timestamp="20190322 12:05:17.688" level="TRACE">Arguments: [ 'wp-submit' ]</msg>
<msg timestamp="20190322 12:05:17.688" level="INFO">Clicking button 'wp-submit'.</msg>
<msg timestamp="20190322 12:05:17.688" level="DEBUG">GET http://127.0.0.1:56321/session/71053efd469192709cfe5a72e49cc1d2/url {"sessionId": "71053efd469192709cfe5a72e49cc1d2"}</msg>
<msg timestamp="20190322 12:05:17.694" level="DEBUG">http://127.0.0.1:56321 "GET /session/71053efd469192709cfe5a72e49cc1d2/url HTTP/1.1" 200 109</msg>
<msg timestamp="20190322 12:05:17.694" level="DEBUG">Finished Request</msg>
<msg timestamp="20190322 12:05:17.695" level="DEBUG">POST http://127.0.0.1:56321/session/71053efd469192709cfe5a72e49cc1d2/elements {"using": "xpath", "value": "//input[(@id='wp-submit' or @name='wp-submit' or @value='wp-submit' or @src='wp-submit' or @src='http://localhost/wordpress/wp-submit')]", "sessionId": "71053efd469192709cfe5a72e49cc1d2"}</msg>
<msg timestamp="20190322 12:05:17.722" level="DEBUG">http://127.0.0.1:56321 "POST /session/71053efd469192709cfe5a72e49cc1d2/elements HTTP/1.1" 200 104</msg>
<msg timestamp="20190322 12:05:17.722" level="DEBUG">Finished Request</msg>
<msg timestamp="20190322 12:05:17.722" level="DEBUG">POST http://127.0.0.1:56321/session/71053efd469192709cfe5a72e49cc1d2/element/0.8642595299374238-3/click {"id": "0.8642595299374238-3", "sessionId": "71053efd469192709cfe5a72e49cc1d2"}</msg>
<msg timestamp="20190322 12:05:18.400" level="DEBUG">http://127.0.0.1:56321 "POST /session/71053efd469192709cfe5a72e49cc1d2/element/0.8642595299374238-3/click HTTP/1.1" 200 72</msg>
<msg timestamp="20190322 12:05:18.402" level="DEBUG">Finished Request</msg>
<msg timestamp="20190322 12:05:18.402" level="TRACE">Return: None</msg>
<status status="PASS" starttime="20190322 12:05:17.688" endtime="20190322 12:05:18.402"></status>
</kw>
<msg timestamp="20190322 12:05:18.402" level="TRACE">Return: None</msg>
<status status="PASS" starttime="20190322 12:05:17.687" endtime="20190322 12:05:18.403"></status>
</kw>
<kw name="Password Error Message Should Be Shown" library="demokeyword">
<msg timestamp="20190322 12:05:18.404" level="TRACE">Arguments: [  ]</msg>
<kw name="Wait Until Element Contains" library="Selenium2Library">
<doc>Waits until element ``locator`` contains ``text``.</doc>
<arguments>
<arg>login_error</arg>
<arg>FEHLER: Das Passwort</arg>
</arguments>
<msg timestamp="20190322 12:05:18.406" level="TRACE">Arguments: [ 'login_error' | 'FEHLER: Das Passwort' ]</msg>
<msg timestamp="20190322 12:05:18.408" level="DEBUG">POST http://127.0.0.1:56321/session/71053efd469192709cfe5a72e49cc1d2/elements {"using": "xpath", "value": "//*[(@id='login_error' or @name='login_error')]", "sessionId": "71053efd469192709cfe5a72e49cc1d2"}</msg>
<msg timestamp="20190322 12:05:18.436" level="DEBUG">http://127.0.0.1:56321 "POST /session/71053efd469192709cfe5a72e49cc1d2/elements HTTP/1.1" 200 105</msg>
<msg timestamp="20190322 12:05:18.437" level="DEBUG">Finished Request</msg>
<msg timestamp="20190322 12:05:18.437" level="DEBUG">GET http://127.0.0.1:56321/session/71053efd469192709cfe5a72e49cc1d2/element/0.16098848558504342-1/text {"id": "0.16098848558504342-1", "sessionId": "71053efd469192709cfe5a72e49cc1d2"}</msg>
<msg timestamp="20190322 12:05:18.471" level="DEBUG">http://127.0.0.1:56321 "GET /session/71053efd469192709cfe5a72e49cc1d2/element/0.16098848558504342-1/text HTTP/1.1" 200 183</msg>
<msg timestamp="20190322 12:05:18.472" level="DEBUG">Finished Request</msg>
<msg timestamp="20190322 12:05:18.472" level="TRACE">Return: None</msg>
<status status="PASS" starttime="20190322 12:05:18.405" endtime="20190322 12:05:18.472"></status>
</kw>
<msg timestamp="20190322 12:05:18.473" level="TRACE">Return: None</msg>
<status status="PASS" starttime="20190322 12:05:18.403" endtime="20190322 12:05:18.473"></status>
</kw>
<doc>Perform a login as admin with a wrong password</doc>
<tags>
<tag>All</tag>
<tag>ErrorLogin</tag>
<tag>Login</tag>
</tags>
<status status="PASS" starttime="20190322 12:05:12.459" endtime="20190322 12:05:18.473" critical="yes"></status>
</test>
<test id="s1-t2" name="Wrong Username Login">
<kw name="Setup_Test" library="demokeyword" type="setup">
<msg timestamp="20190322 12:05:18.475" level="TRACE">Arguments: [  ]</msg>
<kw name="Go To" library="Selenium2Library">
<doc>Navigates the active browser instance to the provided ``url``.</doc>
<arguments>
<arg>${URL}</arg>
</arguments>
<msg timestamp="20190322 12:05:18.476" level="TRACE">Arguments: [ 'http://localhost/wordpress' ]</msg>
<msg timestamp="20190322 12:05:18.476" level="INFO">Opening url 'http://localhost/wordpress'</msg>
<msg timestamp="20190322 12:05:18.476" level="DEBUG">POST http://127.0.0.1:56321/session/71053efd469192709cfe5a72e49cc1d2/url {"url": "http://localhost/wordpress", "sessionId": "71053efd469192709cfe5a72e49cc1d2"}</msg>
<msg timestamp="20190322 12:05:19.344" level="DEBUG">http://127.0.0.1:56321 "POST /session/71053efd469192709cfe5a72e49cc1d2/url HTTP/1.1" 200 72</msg>
<msg timestamp="20190322 12:05:19.345" level="DEBUG">Finished Request</msg>
<msg timestamp="20190322 12:05:19.345" level="TRACE">Return: None</msg>
<status status="PASS" starttime="20190322 12:05:18.476" endtime="20190322 12:05:19.346"></status>
</kw>
<kw name="Title Should Be" library="Selenium2Library">
<doc>Verifies that current page title equals ``title``.</doc>
<arguments>
<arg>NCS-Testing – Eine weitere WordPress-Website</arg>
</arguments>
<msg timestamp="20190322 12:05:19.346" level="TRACE">Arguments: [ 'NCS-Testing – Eine weitere WordPress-Website' ]</msg>
<msg timestamp="20190322 12:05:19.347" level="DEBUG">GET http://127.0.0.1:56321/session/71053efd469192709cfe5a72e49cc1d2/title {"sessionId": "71053efd469192709cfe5a72e49cc1d2"}</msg>
<msg timestamp="20190322 12:05:19.361" level="DEBUG">http://127.0.0.1:56321 "GET /session/71053efd469192709cfe5a72e49cc1d2/title HTTP/1.1" 200 116</msg>
<msg timestamp="20190322 12:05:19.362" level="DEBUG">Finished Request</msg>
<msg timestamp="20190322 12:05:19.362" level="INFO">Page title is 'NCS-Testing – Eine weitere WordPress-Website'.</msg>
<msg timestamp="20190322 12:05:19.362" level="TRACE">Return: None</msg>
<status status="PASS" starttime="20190322 12:05:19.346" endtime="20190322 12:05:19.362"></status>
</kw>
<msg timestamp="20190322 12:05:19.363" level="TRACE">Return: None</msg>
<status status="PASS" starttime="20190322 12:05:18.475" endtime="20190322 12:05:19.363"></status>
</kw>
<kw name="Navigate To Login Page" library="demokeyword">
<msg timestamp="20190322 12:05:19.364" level="TRACE">Arguments: [  ]</msg>
<kw name="Click Element" library="Selenium2Library">
<doc>Click element identified by ``locator``.</doc>
<arguments>
<arg>link:Anmelden</arg>
</arguments>
<msg timestamp="20190322 12:05:19.365" level="TRACE">Arguments: [ 'link:Anmelden' ]</msg>
<msg timestamp="20190322 12:05:19.366" level="INFO">Clicking element 'link:Anmelden'.</msg>
<msg timestamp="20190322 12:05:19.366" level="DEBUG">POST http://127.0.0.1:56321/session/71053efd469192709cfe5a72e49cc1d2/elements {"using": "link text", "value": "Anmelden", "sessionId": "71053efd469192709cfe5a72e49cc1d2"}</msg>
<msg timestamp="20190322 12:05:19.425" level="DEBUG">http://127.0.0.1:56321 "POST /session/71053efd469192709cfe5a72e49cc1d2/elements HTTP/1.1" 200 105</msg>
<msg timestamp="20190322 12:05:19.426" level="DEBUG">Finished Request</msg>
<msg timestamp="20190322 12:05:19.426" level="DEBUG">POST http://127.0.0.1:56321/session/71053efd469192709cfe5a72e49cc1d2/element/0.39252338619896854-1/click {"id": "0.39252338619896854-1", "sessionId": "71053efd469192709cfe5a72e49cc1d2"}</msg>
<msg timestamp="20190322 12:05:20.143" level="DEBUG">http://127.0.0.1:56321 "POST /session/71053efd469192709cfe5a72e49cc1d2/element/0.39252338619896854-1/click HTTP/1.1" 200 72</msg>
<msg timestamp="20190322 12:05:20.144" level="DEBUG">Finished Request</msg>
<msg timestamp="20190322 12:05:20.144" level="TRACE">Return: None</msg>
<status status="PASS" starttime="20190322 12:05:19.365" endtime="20190322 12:05:20.144"></status>
</kw>
<msg timestamp="20190322 12:05:20.144" level="TRACE">Return: None</msg>
<status status="PASS" starttime="20190322 12:05:19.363" endtime="20190322 12:05:20.144"></status>
</kw>
<kw name="Input Username" library="demokeyword">
<arguments>
<arg>FLASCH</arg>
</arguments>
<msg timestamp="20190322 12:05:20.145" level="TRACE">Arguments: [ ${username}='FLASCH' ]</msg>
<kw name="Wait Until Element Is Visible" library="Selenium2Library">
<doc>Waits until element ``locator`` is visible.</doc>
<arguments>
<arg>user_login</arg>
</arguments>
<msg timestamp="20190322 12:05:20.146" level="TRACE">Arguments: [ 'user_login' ]</msg>
<msg timestamp="20190322 12:05:20.147" level="DEBUG">POST http://127.0.0.1:56321/session/71053efd469192709cfe5a72e49cc1d2/elements {"using": "xpath", "value": "//*[(@id='user_login' or @name='user_login')]", "sessionId": "71053efd469192709cfe5a72e49cc1d2"}</msg>
<msg timestamp="20190322 12:05:20.170" level="DEBUG">http://127.0.0.1:56321 "POST /session/71053efd469192709cfe5a72e49cc1d2/elements HTTP/1.1" 200 105</msg>
<msg timestamp="20190322 12:05:20.170" level="DEBUG">Finished Request</msg>
<msg timestamp="20190322 12:05:20.171" level="DEBUG">GET http://127.0.0.1:56321/session/71053efd469192709cfe5a72e49cc1d2/element/0.29857810017428754-1/displayed {"id": "0.29857810017428754-1", "sessionId": "71053efd469192709cfe5a72e49cc1d2"}</msg>
<msg timestamp="20190322 12:05:20.202" level="DEBUG">http://127.0.0.1:56321 "GET /session/71053efd469192709cfe5a72e49cc1d2/element/0.29857810017428754-1/displayed HTTP/1.1" 200 72</msg>
<msg timestamp="20190322 12:05:20.203" level="DEBUG">Finished Request</msg>
<msg timestamp="20190322 12:05:20.203" level="TRACE">Return: None</msg>
<status status="PASS" starttime="20190322 12:05:20.146" endtime="20190322 12:05:20.203"></status>
</kw>
<kw name="Click Element" library="Selenium2Library">
<doc>Click element identified by ``locator``.</doc>
<arguments>
<arg>user_login</arg>
</arguments>
<msg timestamp="20190322 12:05:20.204" level="TRACE">Arguments: [ 'user_login' ]</msg>
<msg timestamp="20190322 12:05:20.204" level="INFO">Clicking element 'user_login'.</msg>
<msg timestamp="20190322 12:05:20.204" level="DEBUG">POST http://127.0.0.1:56321/session/71053efd469192709cfe5a72e49cc1d2/elements {"using": "xpath", "value": "//*[(@id='user_login' or @name='user_login')]", "sessionId": "71053efd469192709cfe5a72e49cc1d2"}</msg>
<msg timestamp="20190322 12:05:20.221" level="DEBUG">http://127.0.0.1:56321 "POST /session/71053efd469192709cfe5a72e49cc1d2/elements HTTP/1.1" 200 105</msg>
<msg timestamp="20190322 12:05:20.222" level="DEBUG">Finished Request</msg>
<msg timestamp="20190322 12:05:20.222" level="DEBUG">POST http://127.0.0.1:56321/session/71053efd469192709cfe5a72e49cc1d2/element/0.29857810017428754-1/click {"id": "0.29857810017428754-1", "sessionId": "71053efd469192709cfe5a72e49cc1d2"}</msg>
<msg timestamp="20190322 12:05:20.316" level="DEBUG">http://127.0.0.1:56321 "POST /session/71053efd469192709cfe5a72e49cc1d2/element/0.29857810017428754-1/click HTTP/1.1" 200 72</msg>
<msg timestamp="20190322 12:05:20.317" level="DEBUG">Finished Request</msg>
<msg timestamp="20190322 12:05:20.317" level="TRACE">Return: None</msg>
<status status="PASS" starttime="20190322 12:05:20.203" endtime="20190322 12:05:20.317"></status>
</kw>
<kw name="Input Text" library="Selenium2Library">
<doc>Types the given ``text`` into text field identified by ``locator``.</doc>
<arguments>
<arg>user_login</arg>
<arg>${username}</arg>
</arguments>
<msg timestamp="20190322 12:05:20.318" level="TRACE">Arguments: [ 'user_login' | 'FLASCH' ]</msg>
<msg timestamp="20190322 12:05:20.319" level="INFO">Typing text 'FLASCH' into text field 'user_login'.</msg>
<msg timestamp="20190322 12:05:20.319" level="DEBUG">POST http://127.0.0.1:56321/session/71053efd469192709cfe5a72e49cc1d2/elements {"using": "xpath", "value": "//*[(@id='user_login' or @name='user_login')]", "sessionId": "71053efd469192709cfe5a72e49cc1d2"}</msg>
<msg timestamp="20190322 12:05:20.335" level="DEBUG">http://127.0.0.1:56321 "POST /session/71053efd469192709cfe5a72e49cc1d2/elements HTTP/1.1" 200 105</msg>
<msg timestamp="20190322 12:05:20.336" level="DEBUG">Finished Request</msg>
<msg timestamp="20190322 12:05:20.336" level="DEBUG">POST http://127.0.0.1:56321/session/71053efd469192709cfe5a72e49cc1d2/element/0.29857810017428754-1/clear {"id": "0.29857810017428754-1", "sessionId": "71053efd469192709cfe5a72e49cc1d2"}</msg>
<msg timestamp="20190322 12:05:20.385" level="DEBUG">http://127.0.0.1:56321 "POST /session/71053efd469192709cfe5a72e49cc1d2/element/0.29857810017428754-1/clear HTTP/1.1" 200 72</msg>
<msg timestamp="20190322 12:05:20.385" level="DEBUG">Finished Request</msg>
<msg timestamp="20190322 12:05:20.386" level="DEBUG">POST http://127.0.0.1:56321/session/71053efd469192709cfe5a72e49cc1d2/element/0.29857810017428754-1/value {"text": "FLASCH", "value": ["F", "L", "A", "S", "C", "H"], "id": "0.29857810017428754-1", "sessionId": "71053efd469192709cfe5a72e49cc1d2"}</msg>
<msg timestamp="20190322 12:05:20.506" level="DEBUG">http://127.0.0.1:56321 "POST /session/71053efd469192709cfe5a72e49cc1d2/element/0.29857810017428754-1/value HTTP/1.1" 200 72</msg>
<msg timestamp="20190322 12:05:20.506" level="DEBUG">Finished Request</msg>
<msg timestamp="20190322 12:05:20.506" level="TRACE">Return: None</msg>
<status status="PASS" starttime="20190322 12:05:20.318" endtime="20190322 12:05:20.507"></status>
</kw>
<msg timestamp="20190322 12:05:20.507" level="TRACE">Return: None</msg>
<status status="PASS" starttime="20190322 12:05:20.145" endtime="20190322 12:05:20.507"></status>
</kw>
<kw name="Input Password" library="demokeyword">
<arguments>
<arg>${SuperUserPW}</arg>
</arguments>
<msg timestamp="20190322 12:05:20.508" level="TRACE">Arguments: [ ${password}='!NCS2019' ]</msg>
<kw name="Input Text" library="Selenium2Library">
<doc>Types the given ``text`` into text field identified by ``locator``.</doc>
<arguments>
<arg>user_pass</arg>
<arg>${password}</arg>
</arguments>
<msg timestamp="20190322 12:05:20.509" level="TRACE">Arguments: [ 'user_pass' | '!NCS2019' ]</msg>
<msg timestamp="20190322 12:05:20.509" level="INFO">Typing text '!NCS2019' into text field 'user_pass'.</msg>
<msg timestamp="20190322 12:05:20.509" level="DEBUG">POST http://127.0.0.1:56321/session/71053efd469192709cfe5a72e49cc1d2/elements {"using": "xpath", "value": "//*[(@id='user_pass' or @name='user_pass')]", "sessionId": "71053efd469192709cfe5a72e49cc1d2"}</msg>
<msg timestamp="20190322 12:05:20.534" level="DEBUG">http://127.0.0.1:56321 "POST /session/71053efd469192709cfe5a72e49cc1d2/elements HTTP/1.1" 200 105</msg>
<msg timestamp="20190322 12:05:20.535" level="DEBUG">Finished Request</msg>
<msg timestamp="20190322 12:05:20.536" level="DEBUG">POST http://127.0.0.1:56321/session/71053efd469192709cfe5a72e49cc1d2/element/0.29857810017428754-2/clear {"id": "0.29857810017428754-2", "sessionId": "71053efd469192709cfe5a72e49cc1d2"}</msg>
<msg timestamp="20190322 12:05:20.598" level="DEBUG">http://127.0.0.1:56321 "POST /session/71053efd469192709cfe5a72e49cc1d2/element/0.29857810017428754-2/clear HTTP/1.1" 200 72</msg>
<msg timestamp="20190322 12:05:20.599" level="DEBUG">Finished Request</msg>
<msg timestamp="20190322 12:05:20.599" level="DEBUG">POST http://127.0.0.1:56321/session/71053efd469192709cfe5a72e49cc1d2/element/0.29857810017428754-2/value {"text": "!NCS2019", "value": ["!", "N", "C", "S", "2", "0", "1", "9"], "id": "0.29857810017428754-2", "sessionId": "71053efd469192709cfe5a72e49cc1d2"}</msg>
<msg timestamp="20190322 12:05:20.707" level="DEBUG">http://127.0.0.1:56321 "POST /session/71053efd469192709cfe5a72e49cc1d2/element/0.29857810017428754-2/value HTTP/1.1" 200 72</msg>
<msg timestamp="20190322 12:05:20.708" level="DEBUG">Finished Request</msg>
<msg timestamp="20190322 12:05:20.708" level="TRACE">Return: None</msg>
<status status="PASS" starttime="20190322 12:05:20.508" endtime="20190322 12:05:20.708"></status>
</kw>
<msg timestamp="20190322 12:05:20.708" level="TRACE">Return: None</msg>
<status status="PASS" starttime="20190322 12:05:20.507" endtime="20190322 12:05:20.708"></status>
</kw>
<kw name="Submit Credentials" library="demokeyword">
<msg timestamp="20190322 12:05:20.709" level="TRACE">Arguments: [  ]</msg>
<kw name="Click Button" library="Selenium2Library">
<doc>Clicks button identified by ``locator``.</doc>
<arguments>
<arg>wp-submit</arg>
</arguments>
<msg timestamp="20190322 12:05:20.710" level="TRACE">Arguments: [ 'wp-submit' ]</msg>
<msg timestamp="20190322 12:05:20.711" level="INFO">Clicking button 'wp-submit'.</msg>
<msg timestamp="20190322 12:05:20.711" level="DEBUG">GET http://127.0.0.1:56321/session/71053efd469192709cfe5a72e49cc1d2/url {"sessionId": "71053efd469192709cfe5a72e49cc1d2"}</msg>
<msg timestamp="20190322 12:05:20.723" level="DEBUG">http://127.0.0.1:56321 "GET /session/71053efd469192709cfe5a72e49cc1d2/url HTTP/1.1" 200 109</msg>
<msg timestamp="20190322 12:05:20.724" level="DEBUG">Finished Request</msg>
<msg timestamp="20190322 12:05:20.724" level="DEBUG">POST http://127.0.0.1:56321/session/71053efd469192709cfe5a72e49cc1d2/elements {"using": "xpath", "value": "//input[(@id='wp-submit' or @name='wp-submit' or @value='wp-submit' or @src='wp-submit' or @src='http://localhost/wordpress/wp-submit')]", "sessionId": "71053efd469192709cfe5a72e49cc1d2"}</msg>
<msg timestamp="20190322 12:05:20.737" level="DEBUG">http://127.0.0.1:56321 "POST /session/71053efd469192709cfe5a72e49cc1d2/elements HTTP/1.1" 200 105</msg>
<msg timestamp="20190322 12:05:20.738" level="DEBUG">Finished Request</msg>
<msg timestamp="20190322 12:05:20.738" level="DEBUG">POST http://127.0.0.1:56321/session/71053efd469192709cfe5a72e49cc1d2/element/0.29857810017428754-3/click {"id": "0.29857810017428754-3", "sessionId": "71053efd469192709cfe5a72e49cc1d2"}</msg>
<msg timestamp="20190322 12:05:21.309" level="DEBUG">http://127.0.0.1:56321 "POST /session/71053efd469192709cfe5a72e49cc1d2/element/0.29857810017428754-3/click HTTP/1.1" 200 72</msg>
<msg timestamp="20190322 12:05:21.310" level="DEBUG">Finished Request</msg>
<msg timestamp="20190322 12:05:21.310" level="TRACE">Return: None</msg>
<status status="PASS" starttime="20190322 12:05:20.710" endtime="20190322 12:05:21.310"></status>
</kw>
<msg timestamp="20190322 12:05:21.311" level="TRACE">Return: None</msg>
<status status="PASS" starttime="20190322 12:05:20.709" endtime="20190322 12:05:21.311"></status>
</kw>
<kw name="User Error Message Should Be Shown" library="demokeyword">
<msg timestamp="20190322 12:05:21.312" level="TRACE">Arguments: [  ]</msg>
<kw name="Wait Until Element Contains" library="Selenium2Library">
<doc>Waits until element ``locator`` contains ``text``.</doc>
<arguments>
<arg>login_error</arg>
<arg>FEHLER: Ungültiger Benutzername</arg>
</arguments>
<msg timestamp="20190322 12:05:21.313" level="TRACE">Arguments: [ 'login_error' | 'FEHLER: Ungültiger Benutzername' ]</msg>
<msg timestamp="20190322 12:05:21.314" level="DEBUG">POST http://127.0.0.1:56321/session/71053efd469192709cfe5a72e49cc1d2/elements {"using": "xpath", "value": "//*[(@id='login_error' or @name='login_error')]", "sessionId": "71053efd469192709cfe5a72e49cc1d2"}</msg>
<msg timestamp="20190322 12:05:21.334" level="DEBUG">http://127.0.0.1:56321 "POST /session/71053efd469192709cfe5a72e49cc1d2/elements HTTP/1.1" 200 105</msg>
<msg timestamp="20190322 12:05:21.335" level="DEBUG">Finished Request</msg>
<msg timestamp="20190322 12:05:21.336" level="DEBUG">GET http://127.0.0.1:56321/session/71053efd469192709cfe5a72e49cc1d2/element/0.20746370239184486-1/text {"id": "0.20746370239184486-1", "sessionId": "71053efd469192709cfe5a72e49cc1d2"}</msg>
<msg timestamp="20190322 12:05:21.370" level="DEBUG">http://127.0.0.1:56321 "GET /session/71053efd469192709cfe5a72e49cc1d2/element/0.20746370239184486-1/text HTTP/1.1" 200 123</msg>
<msg timestamp="20190322 12:05:21.371" level="DEBUG">Finished Request</msg>
<msg timestamp="20190322 12:05:21.371" level="TRACE">Return: None</msg>
<status status="PASS" starttime="20190322 12:05:21.312" endtime="20190322 12:05:21.371"></status>
</kw>
<msg timestamp="20190322 12:05:21.371" level="TRACE">Return: None</msg>
<status status="PASS" starttime="20190322 12:05:21.311" endtime="20190322 12:05:21.371"></status>
</kw>
<doc>Perform a login with a wrong Username</doc>
<tags>
<tag>All</tag>
<tag>ErrorLogin</tag>
<tag>Login</tag>
</tags>
<status status="PASS" starttime="20190322 12:05:18.474" endtime="20190322 12:05:21.372" critical="yes"></status>
</test>
<test id="s1-t3" name="Valid Admin Login">
<kw name="Setup_Test" library="demokeyword" type="setup">
<msg timestamp="20190322 12:05:21.374" level="TRACE">Arguments: [  ]</msg>
<kw name="Go To" library="Selenium2Library">
<doc>Navigates the active browser instance to the provided ``url``.</doc>
<arguments>
<arg>${URL}</arg>
</arguments>
<msg timestamp="20190322 12:05:21.374" level="TRACE">Arguments: [ 'http://localhost/wordpress' ]</msg>
<msg timestamp="20190322 12:05:21.374" level="INFO">Opening url 'http://localhost/wordpress'</msg>
<msg timestamp="20190322 12:05:21.375" level="DEBUG">POST http://127.0.0.1:56321/session/71053efd469192709cfe5a72e49cc1d2/url {"url": "http://localhost/wordpress", "sessionId": "71053efd469192709cfe5a72e49cc1d2"}</msg>
<msg timestamp="20190322 12:05:22.109" level="DEBUG">http://127.0.0.1:56321 "POST /session/71053efd469192709cfe5a72e49cc1d2/url HTTP/1.1" 200 72</msg>
<msg timestamp="20190322 12:05:22.109" level="DEBUG">Finished Request</msg>
<msg timestamp="20190322 12:05:22.110" level="TRACE">Return: None</msg>
<status status="PASS" starttime="20190322 12:05:21.374" endtime="20190322 12:05:22.110"></status>
</kw>
<kw name="Title Should Be" library="Selenium2Library">
<doc>Verifies that current page title equals ``title``.</doc>
<arguments>
<arg>NCS-Testing – Eine weitere WordPress-Website</arg>
</arguments>
<msg timestamp="20190322 12:05:22.111" level="TRACE">Arguments: [ 'NCS-Testing – Eine weitere WordPress-Website' ]</msg>
<msg timestamp="20190322 12:05:22.112" level="DEBUG">GET http://127.0.0.1:56321/session/71053efd469192709cfe5a72e49cc1d2/title {"sessionId": "71053efd469192709cfe5a72e49cc1d2"}</msg>
<msg timestamp="20190322 12:05:22.121" level="DEBUG">http://127.0.0.1:56321 "GET /session/71053efd469192709cfe5a72e49cc1d2/title HTTP/1.1" 200 116</msg>
<msg timestamp="20190322 12:05:22.121" level="DEBUG">Finished Request</msg>
<msg timestamp="20190322 12:05:22.122" level="INFO">Page title is 'NCS-Testing – Eine weitere WordPress-Website'.</msg>
<msg timestamp="20190322 12:05:22.122" level="TRACE">Return: None</msg>
<status status="PASS" starttime="20190322 12:05:22.111" endtime="20190322 12:05:22.122"></status>
</kw>
<msg timestamp="20190322 12:05:22.122" level="TRACE">Return: None</msg>
<status status="PASS" starttime="20190322 12:05:21.374" endtime="20190322 12:05:22.122"></status>
</kw>
<kw name="Navigate To Login Page" library="demokeyword">
<msg timestamp="20190322 12:05:22.123" level="TRACE">Arguments: [  ]</msg>
<kw name="Click Element" library="Selenium2Library">
<doc>Click element identified by ``locator``.</doc>
<arguments>
<arg>link:Anmelden</arg>
</arguments>
<msg timestamp="20190322 12:05:22.123" level="TRACE">Arguments: [ 'link:Anmelden' ]</msg>
<msg timestamp="20190322 12:05:22.123" level="INFO">Clicking element 'link:Anmelden'.</msg>
<msg timestamp="20190322 12:05:22.123" level="DEBUG">POST http://127.0.0.1:56321/session/71053efd469192709cfe5a72e49cc1d2/elements {"using": "link text", "value": "Anmelden", "sessionId": "71053efd469192709cfe5a72e49cc1d2"}</msg>
<msg timestamp="20190322 12:05:22.173" level="DEBUG">http://127.0.0.1:56321 "POST /session/71053efd469192709cfe5a72e49cc1d2/elements HTTP/1.1" 200 104</msg>
<msg timestamp="20190322 12:05:22.174" level="DEBUG">Finished Request</msg>
<msg timestamp="20190322 12:05:22.174" level="DEBUG">POST http://127.0.0.1:56321/session/71053efd469192709cfe5a72e49cc1d2/element/0.3364368971720981-1/click {"id": "0.3364368971720981-1", "sessionId": "71053efd469192709cfe5a72e49cc1d2"}</msg>
<msg timestamp="20190322 12:05:22.721" level="DEBUG">http://127.0.0.1:56321 "POST /session/71053efd469192709cfe5a72e49cc1d2/element/0.3364368971720981-1/click HTTP/1.1" 200 72</msg>
<msg timestamp="20190322 12:05:22.721" level="DEBUG">Finished Request</msg>
<msg timestamp="20190322 12:05:22.722" level="TRACE">Return: None</msg>
<status status="PASS" starttime="20190322 12:05:22.123" endtime="20190322 12:05:22.722"></status>
</kw>
<msg timestamp="20190322 12:05:22.722" level="TRACE">Return: None</msg>
<status status="PASS" starttime="20190322 12:05:22.122" endtime="20190322 12:05:22.722"></status>
</kw>
<kw name="Input Username" library="demokeyword">
<arguments>
<arg>${SuperUser}</arg>
</arguments>
<msg timestamp="20190322 12:05:22.724" level="TRACE">Arguments: [ ${username}='admin' ]</msg>
<kw name="Wait Until Element Is Visible" library="Selenium2Library">
<doc>Waits until element ``locator`` is visible.</doc>
<arguments>
<arg>user_login</arg>
</arguments>
<msg timestamp="20190322 12:05:22.725" level="TRACE">Arguments: [ 'user_login' ]</msg>
<msg timestamp="20190322 12:05:22.725" level="DEBUG">POST http://127.0.0.1:56321/session/71053efd469192709cfe5a72e49cc1d2/elements {"using": "xpath", "value": "//*[(@id='user_login' or @name='user_login')]", "sessionId": "71053efd469192709cfe5a72e49cc1d2"}</msg>
<msg timestamp="20190322 12:05:22.743" level="DEBUG">http://127.0.0.1:56321 "POST /session/71053efd469192709cfe5a72e49cc1d2/elements HTTP/1.1" 200 104</msg>
<msg timestamp="20190322 12:05:22.744" level="DEBUG">Finished Request</msg>
<msg timestamp="20190322 12:05:22.744" level="DEBUG">GET http://127.0.0.1:56321/session/71053efd469192709cfe5a72e49cc1d2/element/0.3102777762474027-1/displayed {"id": "0.3102777762474027-1", "sessionId": "71053efd469192709cfe5a72e49cc1d2"}</msg>
<msg timestamp="20190322 12:05:22.773" level="DEBUG">http://127.0.0.1:56321 "GET /session/71053efd469192709cfe5a72e49cc1d2/element/0.3102777762474027-1/displayed HTTP/1.1" 200 72</msg>
<msg timestamp="20190322 12:05:22.774" level="DEBUG">Finished Request</msg>
<msg timestamp="20190322 12:05:22.774" level="TRACE">Return: None</msg>
<status status="PASS" starttime="20190322 12:05:22.724" endtime="20190322 12:05:22.774"></status>
</kw>
<kw name="Click Element" library="Selenium2Library">
<doc>Click element identified by ``locator``.</doc>
<arguments>
<arg>user_login</arg>
</arguments>
<msg timestamp="20190322 12:05:22.775" level="TRACE">Arguments: [ 'user_login' ]</msg>
<msg timestamp="20190322 12:05:22.775" level="INFO">Clicking element 'user_login'.</msg>
<msg timestamp="20190322 12:05:22.775" level="DEBUG">POST http://127.0.0.1:56321/session/71053efd469192709cfe5a72e49cc1d2/elements {"using": "xpath", "value": "//*[(@id='user_login' or @name='user_login')]", "sessionId": "71053efd469192709cfe5a72e49cc1d2"}</msg>
<msg timestamp="20190322 12:05:22.788" level="DEBUG">http://127.0.0.1:56321 "POST /session/71053efd469192709cfe5a72e49cc1d2/elements HTTP/1.1" 200 104</msg>
<msg timestamp="20190322 12:05:22.788" level="DEBUG">Finished Request</msg>
<msg timestamp="20190322 12:05:22.789" level="DEBUG">POST http://127.0.0.1:56321/session/71053efd469192709cfe5a72e49cc1d2/element/0.3102777762474027-1/click {"id": "0.3102777762474027-1", "sessionId": "71053efd469192709cfe5a72e49cc1d2"}</msg>
<msg timestamp="20190322 12:05:22.861" level="DEBUG">http://127.0.0.1:56321 "POST /session/71053efd469192709cfe5a72e49cc1d2/element/0.3102777762474027-1/click HTTP/1.1" 200 72</msg>
<msg timestamp="20190322 12:05:22.862" level="DEBUG">Finished Request</msg>
<msg timestamp="20190322 12:05:22.863" level="TRACE">Return: None</msg>
<status status="PASS" starttime="20190322 12:05:22.774" endtime="20190322 12:05:22.863"></status>
</kw>
<kw name="Input Text" library="Selenium2Library">
<doc>Types the given ``text`` into text field identified by ``locator``.</doc>
<arguments>
<arg>user_login</arg>
<arg>${username}</arg>
</arguments>
<msg timestamp="20190322 12:05:22.864" level="TRACE">Arguments: [ 'user_login' | 'admin' ]</msg>
<msg timestamp="20190322 12:05:22.864" level="INFO">Typing text 'admin' into text field 'user_login'.</msg>
<msg timestamp="20190322 12:05:22.865" level="DEBUG">POST http://127.0.0.1:56321/session/71053efd469192709cfe5a72e49cc1d2/elements {"using": "xpath", "value": "//*[(@id='user_login' or @name='user_login')]", "sessionId": "71053efd469192709cfe5a72e49cc1d2"}</msg>
<msg timestamp="20190322 12:05:22.877" level="DEBUG">http://127.0.0.1:56321 "POST /session/71053efd469192709cfe5a72e49cc1d2/elements HTTP/1.1" 200 104</msg>
<msg timestamp="20190322 12:05:22.878" level="DEBUG">Finished Request</msg>
<msg timestamp="20190322 12:05:22.878" level="DEBUG">POST http://127.0.0.1:56321/session/71053efd469192709cfe5a72e49cc1d2/element/0.3102777762474027-1/clear {"id": "0.3102777762474027-1", "sessionId": "71053efd469192709cfe5a72e49cc1d2"}</msg>
<msg timestamp="20190322 12:05:22.921" level="DEBUG">http://127.0.0.1:56321 "POST /session/71053efd469192709cfe5a72e49cc1d2/element/0.3102777762474027-1/clear HTTP/1.1" 200 72</msg>
<msg timestamp="20190322 12:05:22.922" level="DEBUG">Finished Request</msg>
<msg timestamp="20190322 12:05:22.922" level="DEBUG">POST http://127.0.0.1:56321/session/71053efd469192709cfe5a72e49cc1d2/element/0.3102777762474027-1/value {"text": "admin", "value": ["a", "d", "m", "i", "n"], "id": "0.3102777762474027-1", "sessionId": "71053efd469192709cfe5a72e49cc1d2"}</msg>
<msg timestamp="20190322 12:05:22.990" level="DEBUG">http://127.0.0.1:56321 "POST /session/71053efd469192709cfe5a72e49cc1d2/element/0.3102777762474027-1/value HTTP/1.1" 200 72</msg>
<msg timestamp="20190322 12:05:22.991" level="DEBUG">Finished Request</msg>
<msg timestamp="20190322 12:05:22.991" level="TRACE">Return: None</msg>
<status status="PASS" starttime="20190322 12:05:22.863" endtime="20190322 12:05:22.991"></status>
</kw>
<msg timestamp="20190322 12:05:22.991" level="TRACE">Return: None</msg>
<status status="PASS" starttime="20190322 12:05:22.723" endtime="20190322 12:05:22.991"></status>
</kw>
<kw name="Input Password" library="demokeyword">
<arguments>
<arg>${SuperUserPW}</arg>
</arguments>
<msg timestamp="20190322 12:05:22.992" level="TRACE">Arguments: [ ${password}='!NCS2019' ]</msg>
<kw name="Input Text" library="Selenium2Library">
<doc>Types the given ``text`` into text field identified by ``locator``.</doc>
<arguments>
<arg>user_pass</arg>
<arg>${password}</arg>
</arguments>
<msg timestamp="20190322 12:05:22.992" level="TRACE">Arguments: [ 'user_pass' | '!NCS2019' ]</msg>
<msg timestamp="20190322 12:05:22.992" level="INFO">Typing text '!NCS2019' into text field 'user_pass'.</msg>
<msg timestamp="20190322 12:05:22.992" level="DEBUG">POST http://127.0.0.1:56321/session/71053efd469192709cfe5a72e49cc1d2/elements {"using": "xpath", "value": "//*[(@id='user_pass' or @name='user_pass')]", "sessionId": "71053efd469192709cfe5a72e49cc1d2"}</msg>
<msg timestamp="20190322 12:05:23.008" level="DEBUG">http://127.0.0.1:56321 "POST /session/71053efd469192709cfe5a72e49cc1d2/elements HTTP/1.1" 200 104</msg>
<msg timestamp="20190322 12:05:23.009" level="DEBUG">Finished Request</msg>
<msg timestamp="20190322 12:05:23.009" level="DEBUG">POST http://127.0.0.1:56321/session/71053efd469192709cfe5a72e49cc1d2/element/0.3102777762474027-2/clear {"id": "0.3102777762474027-2", "sessionId": "71053efd469192709cfe5a72e49cc1d2"}</msg>
<msg timestamp="20190322 12:05:23.060" level="DEBUG">http://127.0.0.1:56321 "POST /session/71053efd469192709cfe5a72e49cc1d2/element/0.3102777762474027-2/clear HTTP/1.1" 200 72</msg>
<msg timestamp="20190322 12:05:23.060" level="DEBUG">Finished Request</msg>
<msg timestamp="20190322 12:05:23.061" level="DEBUG">POST http://127.0.0.1:56321/session/71053efd469192709cfe5a72e49cc1d2/element/0.3102777762474027-2/value {"text": "!NCS2019", "value": ["!", "N", "C", "S", "2", "0", "1", "9"], "id": "0.3102777762474027-2", "sessionId": "71053efd469192709cfe5a72e49cc1d2"}</msg>
<msg timestamp="20190322 12:05:23.159" level="DEBUG">http://127.0.0.1:56321 "POST /session/71053efd469192709cfe5a72e49cc1d2/element/0.3102777762474027-2/value HTTP/1.1" 200 72</msg>
<msg timestamp="20190322 12:05:23.160" level="DEBUG">Finished Request</msg>
<msg timestamp="20190322 12:05:23.160" level="TRACE">Return: None</msg>
<status status="PASS" starttime="20190322 12:05:22.992" endtime="20190322 12:05:23.161"></status>
</kw>
<msg timestamp="20190322 12:05:23.161" level="TRACE">Return: None</msg>
<status status="PASS" starttime="20190322 12:05:22.992" endtime="20190322 12:05:23.161"></status>
</kw>
<kw name="Submit Credentials" library="demokeyword">
<msg timestamp="20190322 12:05:23.162" level="TRACE">Arguments: [  ]</msg>
<kw name="Click Button" library="Selenium2Library">
<doc>Clicks button identified by ``locator``.</doc>
<arguments>
<arg>wp-submit</arg>
</arguments>
<msg timestamp="20190322 12:05:23.163" level="TRACE">Arguments: [ 'wp-submit' ]</msg>
<msg timestamp="20190322 12:05:23.163" level="INFO">Clicking button 'wp-submit'.</msg>
<msg timestamp="20190322 12:05:23.164" level="DEBUG">GET http://127.0.0.1:56321/session/71053efd469192709cfe5a72e49cc1d2/url {"sessionId": "71053efd469192709cfe5a72e49cc1d2"}</msg>
<msg timestamp="20190322 12:05:23.173" level="DEBUG">http://127.0.0.1:56321 "GET /session/71053efd469192709cfe5a72e49cc1d2/url HTTP/1.1" 200 109</msg>
<msg timestamp="20190322 12:05:23.173" level="DEBUG">Finished Request</msg>
<msg timestamp="20190322 12:05:23.173" level="DEBUG">POST http://127.0.0.1:56321/session/71053efd469192709cfe5a72e49cc1d2/elements {"using": "xpath", "value": "//input[(@id='wp-submit' or @name='wp-submit' or @value='wp-submit' or @src='wp-submit' or @src='http://localhost/wordpress/wp-submit')]", "sessionId": "71053efd469192709cfe5a72e49cc1d2"}</msg>
<msg timestamp="20190322 12:05:23.189" level="DEBUG">http://127.0.0.1:56321 "POST /session/71053efd469192709cfe5a72e49cc1d2/elements HTTP/1.1" 200 104</msg>
<msg timestamp="20190322 12:05:23.190" level="DEBUG">Finished Request</msg>
<msg timestamp="20190322 12:05:23.190" level="DEBUG">POST http://127.0.0.1:56321/session/71053efd469192709cfe5a72e49cc1d2/element/0.3102777762474027-3/click {"id": "0.3102777762474027-3", "sessionId": "71053efd469192709cfe5a72e49cc1d2"}</msg>
<msg timestamp="20190322 12:05:27.222" level="DEBUG">http://127.0.0.1:56321 "POST /session/71053efd469192709cfe5a72e49cc1d2/element/0.3102777762474027-3/click HTTP/1.1" 200 72</msg>
<msg timestamp="20190322 12:05:27.223" level="DEBUG">Finished Request</msg>
<msg timestamp="20190322 12:05:27.223" level="TRACE">Return: None</msg>
<status status="PASS" starttime="20190322 12:05:23.162" endtime="20190322 12:05:27.223"></status>
</kw>
<msg timestamp="20190322 12:05:27.224" level="TRACE">Return: None</msg>
<status status="PASS" starttime="20190322 12:05:23.161" endtime="20190322 12:05:27.224"></status>
</kw>
<kw name="Dashboard Should Be Open" library="demokeyword">
<msg timestamp="20190322 12:05:27.224" level="TRACE">Arguments: [  ]</msg>
<kw name="Title Should Be" library="Selenium2Library">
<doc>Verifies that current page title equals ``title``.</doc>
<arguments>
<arg>Dashboard ‹ NCS-Testing — WordPress</arg>
</arguments>
<msg timestamp="20190322 12:05:27.225" level="TRACE">Arguments: [ 'Dashboard ‹ NCS-Testing — WordPress' ]</msg>
<msg timestamp="20190322 12:05:27.225" level="DEBUG">GET http://127.0.0.1:56321/session/71053efd469192709cfe5a72e49cc1d2/title {"sessionId": "71053efd469192709cfe5a72e49cc1d2"}</msg>
<msg timestamp="20190322 12:05:27.236" level="DEBUG">http://127.0.0.1:56321 "GET /session/71053efd469192709cfe5a72e49cc1d2/title HTTP/1.1" 200 109</msg>
<msg timestamp="20190322 12:05:27.237" level="DEBUG">Finished Request</msg>
<msg timestamp="20190322 12:05:27.237" level="INFO">Page title is 'Dashboard ‹ NCS-Testing — WordPress'.</msg>
<msg timestamp="20190322 12:05:27.237" level="TRACE">Return: None</msg>
<status status="PASS" starttime="20190322 12:05:27.224" endtime="20190322 12:05:27.237"></status>
</kw>
<msg timestamp="20190322 12:05:27.238" level="TRACE">Return: None</msg>
<status status="PASS" starttime="20190322 12:05:27.224" endtime="20190322 12:05:27.238"></status>
</kw>
<kw name="Screenshot" library="demokeyword">
<arguments>
<arg>AdminLogin.png</arg>
</arguments>
<msg timestamp="20190322 12:05:27.239" level="TRACE">Arguments: [ ${filename}='AdminLogin.png' ]</msg>
<kw name="Capture Page Screenshot" library="Selenium2Library">
<doc>Takes screenshot of the current page and embeds it into log file.</doc>
<arguments>
<arg>${filename}</arg>
</arguments>
<msg timestamp="20190322 12:05:27.240" level="TRACE">Arguments: [ 'AdminLogin.png' ]</msg>
<msg timestamp="20190322 12:05:27.240" level="DEBUG">GET http://127.0.0.1:56321/session/71053efd469192709cfe5a72e49cc1d2/screenshot {"sessionId": "71053efd469192709cfe5a72e49cc1d2"}</msg>
<msg timestamp="20190322 12:05:27.651" level="DEBUG">http://127.0.0.1:56321 "GET /session/71053efd469192709cfe5a72e49cc1d2/screenshot HTTP/1.1" 200 128562</msg>
<msg timestamp="20190322 12:05:27.653" level="DEBUG">Finished Request</msg>
<msg timestamp="20190322 12:05:27.655" level="INFO" html="yes">&lt;/td&gt;&lt;/tr&gt;&lt;tr&gt;&lt;td colspan="3"&gt;&lt;a href="AdminLogin.png"&gt;&lt;img src="AdminLogin.png" width="800px"&gt;&lt;/a&gt;</msg>
<msg timestamp="20190322 12:05:27.655" level="TRACE">Return: 'C:\\Users\\ZTE_testing\\PycharmProjects\\robot\\AdminLogin.png'</msg>
<status status="PASS" starttime="20190322 12:05:27.239" endtime="20190322 12:05:27.655"></status>
</kw>
<msg timestamp="20190322 12:05:27.655" level="TRACE">Return: None</msg>
<status status="PASS" starttime="20190322 12:05:27.238" endtime="20190322 12:05:27.656"></status>
</kw>
<kw name="TD_Test" library="demokeyword" type="teardown">
<msg timestamp="20190322 12:05:27.656" level="TRACE">Arguments: [  ]</msg>
<kw name="TD_AdminLogout" library="demokeyword">
<msg timestamp="20190322 12:05:27.657" level="TRACE">Arguments: [  ]</msg>
<kw name="Mouse Over" library="Selenium2Library">
<doc>Simulates hovering mouse over the element ``locator``.</doc>
<arguments>
<arg>wp-admin-bar-top-secondary</arg>
</arguments>
<msg timestamp="20190322 12:05:27.657" level="TRACE">Arguments: [ 'wp-admin-bar-top-secondary' ]</msg>
<msg timestamp="20190322 12:05:27.657" level="INFO">Simulating Mouse Over on element 'wp-admin-bar-top-secondary'.</msg>
<msg timestamp="20190322 12:05:27.658" level="DEBUG">POST http://127.0.0.1:56321/session/71053efd469192709cfe5a72e49cc1d2/elements {"using": "xpath", "value": "//*[(@id='wp-admin-bar-top-secondary' or @name='wp-admin-bar-top-secondary')]", "sessionId": "71053efd469192709cfe5a72e49cc1d2"}</msg>
<msg timestamp="20190322 12:05:27.685" level="DEBUG">http://127.0.0.1:56321 "POST /session/71053efd469192709cfe5a72e49cc1d2/elements HTTP/1.1" 200 105</msg>
<msg timestamp="20190322 12:05:27.686" level="DEBUG">Finished Request</msg>
<msg timestamp="20190322 12:05:27.686" level="DEBUG">POST http://127.0.0.1:56321/session/71053efd469192709cfe5a72e49cc1d2/moveto {"element": "0.15321153682940625-1", "sessionId": "71053efd469192709cfe5a72e49cc1d2"}</msg>
<msg timestamp="20190322 12:05:27.738" level="DEBUG">http://127.0.0.1:56321 "POST /session/71053efd469192709cfe5a72e49cc1d2/moveto HTTP/1.1" 200 72</msg>
<msg timestamp="20190322 12:05:27.738" level="DEBUG">Finished Request</msg>
<msg timestamp="20190322 12:05:27.739" level="TRACE">Return: None</msg>
<status status="PASS" starttime="20190322 12:05:27.657" endtime="20190322 12:05:27.739"></status>
</kw>
<kw name="Wait Until Element Is Visible" library="Selenium2Library">
<doc>Waits until element ``locator`` is visible.</doc>
<arguments>
<arg>wp-admin-bar-logout</arg>
</arguments>
<msg timestamp="20190322 12:05:27.740" level="TRACE">Arguments: [ 'wp-admin-bar-logout' ]</msg>
<msg timestamp="20190322 12:05:27.740" level="DEBUG">POST http://127.0.0.1:56321/session/71053efd469192709cfe5a72e49cc1d2/elements {"using": "xpath", "value": "//*[(@id='wp-admin-bar-logout' or @name='wp-admin-bar-logout')]", "sessionId": "71053efd469192709cfe5a72e49cc1d2"}</msg>
<msg timestamp="20190322 12:05:27.762" level="DEBUG">http://127.0.0.1:56321 "POST /session/71053efd469192709cfe5a72e49cc1d2/elements HTTP/1.1" 200 105</msg>
<msg timestamp="20190322 12:05:27.763" level="DEBUG">Finished Request</msg>
<msg timestamp="20190322 12:05:27.763" level="DEBUG">GET http://127.0.0.1:56321/session/71053efd469192709cfe5a72e49cc1d2/element/0.15321153682940625-2/displayed {"id": "0.15321153682940625-2", "sessionId": "71053efd469192709cfe5a72e49cc1d2"}</msg>
<msg timestamp="20190322 12:05:27.784" level="DEBUG">http://127.0.0.1:56321 "GET /session/71053efd469192709cfe5a72e49cc1d2/element/0.15321153682940625-2/displayed HTTP/1.1" 200 73</msg>
<msg timestamp="20190322 12:05:27.784" level="DEBUG">Finished Request</msg>
<msg timestamp="20190322 12:05:27.984" level="DEBUG">POST http://127.0.0.1:56321/session/71053efd469192709cfe5a72e49cc1d2/elements {"using": "xpath", "value": "//*[(@id='wp-admin-bar-logout' or @name='wp-admin-bar-logout')]", "sessionId": "71053efd469192709cfe5a72e49cc1d2"}</msg>
<msg timestamp="20190322 12:05:28.001" level="DEBUG">http://127.0.0.1:56321 "POST /session/71053efd469192709cfe5a72e49cc1d2/elements HTTP/1.1" 200 105</msg>
<msg timestamp="20190322 12:05:28.002" level="DEBUG">Finished Request</msg>
<msg timestamp="20190322 12:05:28.002" level="DEBUG">GET http://127.0.0.1:56321/session/71053efd469192709cfe5a72e49cc1d2/element/0.15321153682940625-2/displayed {"id": "0.15321153682940625-2", "sessionId": "71053efd469192709cfe5a72e49cc1d2"}</msg>
<msg timestamp="20190322 12:05:28.017" level="DEBUG">http://127.0.0.1:56321 "GET /session/71053efd469192709cfe5a72e49cc1d2/element/0.15321153682940625-2/displayed HTTP/1.1" 200 72</msg>
<msg timestamp="20190322 12:05:28.018" level="DEBUG">Finished Request</msg>
<msg timestamp="20190322 12:05:28.018" level="TRACE">Return: None</msg>
<status status="PASS" starttime="20190322 12:05:27.739" endtime="20190322 12:05:28.018"></status>
</kw>
<kw name="Click Element" library="Selenium2Library">
<doc>Click element identified by ``locator``.</doc>
<arguments>
<arg>wp-admin-bar-logout</arg>
</arguments>
<msg timestamp="20190322 12:05:28.019" level="TRACE">Arguments: [ 'wp-admin-bar-logout' ]</msg>
<msg timestamp="20190322 12:05:28.019" level="INFO">Clicking element 'wp-admin-bar-logout'.</msg>
<msg timestamp="20190322 12:05:28.020" level="DEBUG">POST http://127.0.0.1:56321/session/71053efd469192709cfe5a72e49cc1d2/elements {"using": "xpath", "value": "//*[(@id='wp-admin-bar-logout' or @name='wp-admin-bar-logout')]", "sessionId": "71053efd469192709cfe5a72e49cc1d2"}</msg>
<msg timestamp="20190322 12:05:28.040" level="DEBUG">http://127.0.0.1:56321 "POST /session/71053efd469192709cfe5a72e49cc1d2/elements HTTP/1.1" 200 105</msg>
<msg timestamp="20190322 12:05:28.040" level="DEBUG">Finished Request</msg>
<msg timestamp="20190322 12:05:28.041" level="DEBUG">POST http://127.0.0.1:56321/session/71053efd469192709cfe5a72e49cc1d2/element/0.15321153682940625-2/click {"id": "0.15321153682940625-2", "sessionId": "71053efd469192709cfe5a72e49cc1d2"}</msg>
<msg timestamp="20190322 12:05:29.225" level="DEBUG">http://127.0.0.1:56321 "POST /session/71053efd469192709cfe5a72e49cc1d2/element/0.15321153682940625-2/click HTTP/1.1" 200 72</msg>
<msg timestamp="20190322 12:05:29.226" level="DEBUG">Finished Request</msg>
<msg timestamp="20190322 12:05:29.226" level="TRACE">Return: None</msg>
<status status="PASS" starttime="20190322 12:05:28.019" endtime="20190322 12:05:29.226"></status>
</kw>
<msg timestamp="20190322 12:05:29.227" level="TRACE">Return: None</msg>
<status status="PASS" starttime="20190322 12:05:27.656" endtime="20190322 12:05:29.227"></status>
</kw>
<kw name="Check if logged out" library="demokeyword">
<msg timestamp="20190322 12:05:29.228" level="TRACE">Arguments: [  ]</msg>
<kw name="Wait Until Element Contains" library="Selenium2Library">
<doc>Waits until element ``locator`` contains ``text``.</doc>
<arguments>
<arg>xpath:/html//p[@class='message'][1]</arg>
<arg>Du hast dich erfolgreich abgemeldet</arg>
</arguments>
<msg timestamp="20190322 12:05:29.229" level="TRACE">Arguments: [ "xpath:/html//p[@class='message'][1]" | 'Du hast dich erfolgreich abgemeldet' ]</msg>
<msg timestamp="20190322 12:05:29.230" level="DEBUG">POST http://127.0.0.1:56321/session/71053efd469192709cfe5a72e49cc1d2/elements {"using": "xpath", "value": "/html//p[@class='message'][1]", "sessionId": "71053efd469192709cfe5a72e49cc1d2"}</msg>
<msg timestamp="20190322 12:05:29.257" level="DEBUG">http://127.0.0.1:56321 "POST /session/71053efd469192709cfe5a72e49cc1d2/elements HTTP/1.1" 200 104</msg>
<msg timestamp="20190322 12:05:29.258" level="DEBUG">Finished Request</msg>
<msg timestamp="20190322 12:05:29.258" level="DEBUG">GET http://127.0.0.1:56321/session/71053efd469192709cfe5a72e49cc1d2/element/0.1925965256347444-1/text {"id": "0.1925965256347444-1", "sessionId": "71053efd469192709cfe5a72e49cc1d2"}</msg>
<msg timestamp="20190322 12:05:29.294" level="DEBUG">http://127.0.0.1:56321 "GET /session/71053efd469192709cfe5a72e49cc1d2/element/0.1925965256347444-1/text HTTP/1.1" 200 106</msg>
<msg timestamp="20190322 12:05:29.294" level="DEBUG">Finished Request</msg>
<msg timestamp="20190322 12:05:29.294" level="TRACE">Return: None</msg>
<status status="PASS" starttime="20190322 12:05:29.228" endtime="20190322 12:05:29.295"></status>
</kw>
<msg timestamp="20190322 12:05:29.295" level="TRACE">Return: None</msg>
<status status="PASS" starttime="20190322 12:05:29.227" endtime="20190322 12:05:29.295"></status>
</kw>
<msg timestamp="20190322 12:05:29.295" level="TRACE">Return: None</msg>
<status status="PASS" starttime="20190322 12:05:27.656" endtime="20190322 12:05:29.295"></status>
</kw>
<doc>Perform a succesfull admin login</doc>
<tags>
<tag>All</tag>
<tag>Login</tag>
</tags>
<status status="PASS" starttime="20190322 12:05:21.373" endtime="20190322 12:05:29.295" critical="yes"></status>
</test>
<test id="s1-t4" name="Create User Single Hardcoded">
<kw name="Run Keywords" library="BuiltIn" type="setup">
<doc>Executes all the given keywords in a sequence.</doc>
<arguments>
<arg>Setup_Test</arg>
<arg>AND</arg>
<arg>Setup_AdminLogin</arg>
</arguments>
<msg timestamp="20190322 12:05:29.298" level="TRACE">Arguments: [ 'Setup_Test' | 'AND' | 'Setup_AdminLogin' ]</msg>
<kw name="Setup_Test" library="demokeyword">
<msg timestamp="20190322 12:05:29.299" level="TRACE">Arguments: [  ]</msg>
<kw name="Go To" library="Selenium2Library">
<doc>Navigates the active browser instance to the provided ``url``.</doc>
<arguments>
<arg>${URL}</arg>
</arguments>
<msg timestamp="20190322 12:05:29.299" level="TRACE">Arguments: [ 'http://localhost/wordpress' ]</msg>
<msg timestamp="20190322 12:05:29.299" level="INFO">Opening url 'http://localhost/wordpress'</msg>
<msg timestamp="20190322 12:05:29.300" level="DEBUG">POST http://127.0.0.1:56321/session/71053efd469192709cfe5a72e49cc1d2/url {"url": "http://localhost/wordpress", "sessionId": "71053efd469192709cfe5a72e49cc1d2"}</msg>
<msg timestamp="20190322 12:05:30.025" level="DEBUG">http://127.0.0.1:56321 "POST /session/71053efd469192709cfe5a72e49cc1d2/url HTTP/1.1" 200 72</msg>
<msg timestamp="20190322 12:05:30.026" level="DEBUG">Finished Request</msg>
<msg timestamp="20190322 12:05:30.027" level="TRACE">Return: None</msg>
<status status="PASS" starttime="20190322 12:05:29.299" endtime="20190322 12:05:30.027"></status>
</kw>
<kw name="Title Should Be" library="Selenium2Library">
<doc>Verifies that current page title equals ``title``.</doc>
<arguments>
<arg>NCS-Testing – Eine weitere WordPress-Website</arg>
</arguments>
<msg timestamp="20190322 12:05:30.028" level="TRACE">Arguments: [ 'NCS-Testing – Eine weitere WordPress-Website' ]</msg>
<msg timestamp="20190322 12:05:30.029" level="DEBUG">GET http://127.0.0.1:56321/session/71053efd469192709cfe5a72e49cc1d2/title {"sessionId": "71053efd469192709cfe5a72e49cc1d2"}</msg>
<msg timestamp="20190322 12:05:30.040" level="DEBUG">http://127.0.0.1:56321 "GET /session/71053efd469192709cfe5a72e49cc1d2/title HTTP/1.1" 200 116</msg>
<msg timestamp="20190322 12:05:30.041" level="DEBUG">Finished Request</msg>
<msg timestamp="20190322 12:05:30.041" level="INFO">Page title is 'NCS-Testing – Eine weitere WordPress-Website'.</msg>
<msg timestamp="20190322 12:05:30.041" level="TRACE">Return: None</msg>
<status status="PASS" starttime="20190322 12:05:30.027" endtime="20190322 12:05:30.041"></status>
</kw>
<msg timestamp="20190322 12:05:30.041" level="TRACE">Return: None</msg>
<status status="PASS" starttime="20190322 12:05:29.298" endtime="20190322 12:05:30.042"></status>
</kw>
<kw name="Setup_AdminLogin" library="demokeyword">
<msg timestamp="20190322 12:05:30.043" level="TRACE">Arguments: [  ]</msg>
<kw name="Navigate To Login Page" library="demokeyword">
<msg timestamp="20190322 12:05:30.044" level="TRACE">Arguments: [  ]</msg>
<kw name="Click Element" library="Selenium2Library">
<doc>Click element identified by ``locator``.</doc>
<arguments>
<arg>link:Anmelden</arg>
</arguments>
<msg timestamp="20190322 12:05:30.044" level="TRACE">Arguments: [ 'link:Anmelden' ]</msg>
<msg timestamp="20190322 12:05:30.045" level="INFO">Clicking element 'link:Anmelden'.</msg>
<msg timestamp="20190322 12:05:30.045" level="DEBUG">POST http://127.0.0.1:56321/session/71053efd469192709cfe5a72e49cc1d2/elements {"using": "link text", "value": "Anmelden", "sessionId": "71053efd469192709cfe5a72e49cc1d2"}</msg>
<msg timestamp="20190322 12:05:30.110" level="DEBUG">http://127.0.0.1:56321 "POST /session/71053efd469192709cfe5a72e49cc1d2/elements HTTP/1.1" 200 104</msg>
<msg timestamp="20190322 12:05:30.111" level="DEBUG">Finished Request</msg>
<msg timestamp="20190322 12:05:30.111" level="DEBUG">POST http://127.0.0.1:56321/session/71053efd469192709cfe5a72e49cc1d2/element/0.6488623670502154-1/click {"id": "0.6488623670502154-1", "sessionId": "71053efd469192709cfe5a72e49cc1d2"}</msg>
<msg timestamp="20190322 12:05:30.677" level="DEBUG">http://127.0.0.1:56321 "POST /session/71053efd469192709cfe5a72e49cc1d2/element/0.6488623670502154-1/click HTTP/1.1" 200 72</msg>
<msg timestamp="20190322 12:05:30.678" level="DEBUG">Finished Request</msg>
<msg timestamp="20190322 12:05:30.679" level="TRACE">Return: None</msg>
<status status="PASS" starttime="20190322 12:05:30.044" endtime="20190322 12:05:30.679"></status>
</kw>
<msg timestamp="20190322 12:05:30.679" level="TRACE">Return: None</msg>
<status status="PASS" starttime="20190322 12:05:30.043" endtime="20190322 12:05:30.679"></status>
</kw>
<kw name="Input Username" library="demokeyword">
<arguments>
<arg>${SuperUser}</arg>
</arguments>
<msg timestamp="20190322 12:05:30.680" level="TRACE">Arguments: [ ${username}='admin' ]</msg>
<kw name="Wait Until Element Is Visible" library="Selenium2Library">
<doc>Waits until element ``locator`` is visible.</doc>
<arguments>
<arg>user_login</arg>
</arguments>
<msg timestamp="20190322 12:05:30.681" level="TRACE">Arguments: [ 'user_login' ]</msg>
<msg timestamp="20190322 12:05:30.682" level="DEBUG">POST http://127.0.0.1:56321/session/71053efd469192709cfe5a72e49cc1d2/elements {"using": "xpath", "value": "//*[(@id='user_login' or @name='user_login')]", "sessionId": "71053efd469192709cfe5a72e49cc1d2"}</msg>
<msg timestamp="20190322 12:05:30.701" level="DEBUG">http://127.0.0.1:56321 "POST /session/71053efd469192709cfe5a72e49cc1d2/elements HTTP/1.1" 200 103</msg>
<msg timestamp="20190322 12:05:30.702" level="DEBUG">Finished Request</msg>
<msg timestamp="20190322 12:05:30.702" level="DEBUG">GET http://127.0.0.1:56321/session/71053efd469192709cfe5a72e49cc1d2/element/0.833660776407539-1/displayed {"id": "0.833660776407539-1", "sessionId": "71053efd469192709cfe5a72e49cc1d2"}</msg>
<msg timestamp="20190322 12:05:30.727" level="DEBUG">http://127.0.0.1:56321 "GET /session/71053efd469192709cfe5a72e49cc1d2/element/0.833660776407539-1/displayed HTTP/1.1" 200 72</msg>
<msg timestamp="20190322 12:05:30.728" level="DEBUG">Finished Request</msg>
<msg timestamp="20190322 12:05:30.728" level="TRACE">Return: None</msg>
<status status="PASS" starttime="20190322 12:05:30.681" endtime="20190322 12:05:30.728"></status>
</kw>
<kw name="Click Element" library="Selenium2Library">
<doc>Click element identified by ``locator``.</doc>
<arguments>
<arg>user_login</arg>
</arguments>
<msg timestamp="20190322 12:05:30.729" level="TRACE">Arguments: [ 'user_login' ]</msg>
<msg timestamp="20190322 12:05:30.729" level="INFO">Clicking element 'user_login'.</msg>
<msg timestamp="20190322 12:05:30.729" level="DEBUG">POST http://127.0.0.1:56321/session/71053efd469192709cfe5a72e49cc1d2/elements {"using": "xpath", "value": "//*[(@id='user_login' or @name='user_login')]", "sessionId": "71053efd469192709cfe5a72e49cc1d2"}</msg>
<msg timestamp="20190322 12:05:30.742" level="DEBUG">http://127.0.0.1:56321 "POST /session/71053efd469192709cfe5a72e49cc1d2/elements HTTP/1.1" 200 103</msg>
<msg timestamp="20190322 12:05:30.742" level="DEBUG">Finished Request</msg>
<msg timestamp="20190322 12:05:30.743" level="DEBUG">POST http://127.0.0.1:56321/session/71053efd469192709cfe5a72e49cc1d2/element/0.833660776407539-1/click {"id": "0.833660776407539-1", "sessionId": "71053efd469192709cfe5a72e49cc1d2"}</msg>
<msg timestamp="20190322 12:05:30.814" level="DEBUG">http://127.0.0.1:56321 "POST /session/71053efd469192709cfe5a72e49cc1d2/element/0.833660776407539-1/click HTTP/1.1" 200 72</msg>
<msg timestamp="20190322 12:05:30.815" level="DEBUG">Finished Request</msg>
<msg timestamp="20190322 12:05:30.815" level="TRACE">Return: None</msg>
<status status="PASS" starttime="20190322 12:05:30.728" endtime="20190322 12:05:30.815"></status>
</kw>
<kw name="Input Text" library="Selenium2Library">
<doc>Types the given ``text`` into text field identified by ``locator``.</doc>
<arguments>
<arg>user_login</arg>
<arg>${username}</arg>
</arguments>
<msg timestamp="20190322 12:05:30.816" level="TRACE">Arguments: [ 'user_login' | 'admin' ]</msg>
<msg timestamp="20190322 12:05:30.816" level="INFO">Typing text 'admin' into text field 'user_login'.</msg>
<msg timestamp="20190322 12:05:30.816" level="DEBUG">POST http://127.0.0.1:56321/session/71053efd469192709cfe5a72e49cc1d2/elements {"using": "xpath", "value": "//*[(@id='user_login' or @name='user_login')]", "sessionId": "71053efd469192709cfe5a72e49cc1d2"}</msg>
<msg timestamp="20190322 12:05:30.832" level="DEBUG">http://127.0.0.1:56321 "POST /session/71053efd469192709cfe5a72e49cc1d2/elements HTTP/1.1" 200 103</msg>
<msg timestamp="20190322 12:05:30.832" level="DEBUG">Finished Request</msg>
<msg timestamp="20190322 12:05:30.832" level="DEBUG">POST http://127.0.0.1:56321/session/71053efd469192709cfe5a72e49cc1d2/element/0.833660776407539-1/clear {"id": "0.833660776407539-1", "sessionId": "71053efd469192709cfe5a72e49cc1d2"}</msg>
<msg timestamp="20190322 12:05:30.871" level="DEBUG">http://127.0.0.1:56321 "POST /session/71053efd469192709cfe5a72e49cc1d2/element/0.833660776407539-1/clear HTTP/1.1" 200 72</msg>
<msg timestamp="20190322 12:05:30.872" level="DEBUG">Finished Request</msg>
<msg timestamp="20190322 12:05:30.872" level="DEBUG">POST http://127.0.0.1:56321/session/71053efd469192709cfe5a72e49cc1d2/element/0.833660776407539-1/value {"text": "admin", "value": ["a", "d", "m", "i", "n"], "id": "0.833660776407539-1", "sessionId": "71053efd469192709cfe5a72e49cc1d2"}</msg>
<msg timestamp="20190322 12:05:30.936" level="DEBUG">http://127.0.0.1:56321 "POST /session/71053efd469192709cfe5a72e49cc1d2/element/0.833660776407539-1/value HTTP/1.1" 200 72</msg>
<msg timestamp="20190322 12:05:30.937" level="DEBUG">Finished Request</msg>
<msg timestamp="20190322 12:05:30.937" level="TRACE">Return: None</msg>
<status status="PASS" starttime="20190322 12:05:30.815" endtime="20190322 12:05:30.937"></status>
</kw>
<msg timestamp="20190322 12:05:30.937" level="TRACE">Return: None</msg>
<status status="PASS" starttime="20190322 12:05:30.679" endtime="20190322 12:05:30.937"></status>
</kw>
<kw name="Input Password" library="demokeyword">
<arguments>
<arg>${SuperUserPW}</arg>
</arguments>
<msg timestamp="20190322 12:05:30.938" level="TRACE">Arguments: [ ${password}='!NCS2019' ]</msg>
<kw name="Input Text" library="Selenium2Library">
<doc>Types the given ``text`` into text field identified by ``locator``.</doc>
<arguments>
<arg>user_pass</arg>
<arg>${password}</arg>
</arguments>
<msg timestamp="20190322 12:05:30.938" level="TRACE">Arguments: [ 'user_pass' | '!NCS2019' ]</msg>
<msg timestamp="20190322 12:05:30.938" level="INFO">Typing text '!NCS2019' into text field 'user_pass'.</msg>
<msg timestamp="20190322 12:05:30.939" level="DEBUG">POST http://127.0.0.1:56321/session/71053efd469192709cfe5a72e49cc1d2/elements {"using": "xpath", "value": "//*[(@id='user_pass' or @name='user_pass')]", "sessionId": "71053efd469192709cfe5a72e49cc1d2"}</msg>
<msg timestamp="20190322 12:05:30.954" level="DEBUG">http://127.0.0.1:56321 "POST /session/71053efd469192709cfe5a72e49cc1d2/elements HTTP/1.1" 200 103</msg>
<msg timestamp="20190322 12:05:30.954" level="DEBUG">Finished Request</msg>
<msg timestamp="20190322 12:05:30.955" level="DEBUG">POST http://127.0.0.1:56321/session/71053efd469192709cfe5a72e49cc1d2/element/0.833660776407539-2/clear {"id": "0.833660776407539-2", "sessionId": "71053efd469192709cfe5a72e49cc1d2"}</msg>
<msg timestamp="20190322 12:05:30.999" level="DEBUG">http://127.0.0.1:56321 "POST /session/71053efd469192709cfe5a72e49cc1d2/element/0.833660776407539-2/clear HTTP/1.1" 200 72</msg>
<msg timestamp="20190322 12:05:31.000" level="DEBUG">Finished Request</msg>
<msg timestamp="20190322 12:05:31.000" level="DEBUG">POST http://127.0.0.1:56321/session/71053efd469192709cfe5a72e49cc1d2/element/0.833660776407539-2/value {"text": "!NCS2019", "value": ["!", "N", "C", "S", "2", "0", "1", "9"], "id": "0.833660776407539-2", "sessionId": "71053efd469192709cfe5a72e49cc1d2"}</msg>
<msg timestamp="20190322 12:05:31.117" level="DEBUG">http://127.0.0.1:56321 "POST /session/71053efd469192709cfe5a72e49cc1d2/element/0.833660776407539-2/value HTTP/1.1" 200 72</msg>
<msg timestamp="20190322 12:05:31.117" level="DEBUG">Finished Request</msg>
<msg timestamp="20190322 12:05:31.118" level="TRACE">Return: None</msg>
<status status="PASS" starttime="20190322 12:05:30.938" endtime="20190322 12:05:31.118"></status>
</kw>
<msg timestamp="20190322 12:05:31.118" level="TRACE">Return: None</msg>
<status status="PASS" starttime="20190322 12:05:30.937" endtime="20190322 12:05:31.118"></status>
</kw>
<kw name="Submit Credentials" library="demokeyword">
<msg timestamp="20190322 12:05:31.119" level="TRACE">Arguments: [  ]</msg>
<kw name="Click Button" library="Selenium2Library">
<doc>Clicks button identified by ``locator``.</doc>
<arguments>
<arg>wp-submit</arg>
</arguments>
<msg timestamp="20190322 12:05:31.120" level="TRACE">Arguments: [ 'wp-submit' ]</msg>
<msg timestamp="20190322 12:05:31.121" level="INFO">Clicking button 'wp-submit'.</msg>
<msg timestamp="20190322 12:05:31.121" level="DEBUG">GET http://127.0.0.1:56321/session/71053efd469192709cfe5a72e49cc1d2/url {"sessionId": "71053efd469192709cfe5a72e49cc1d2"}</msg>
<msg timestamp="20190322 12:05:31.131" level="DEBUG">http://127.0.0.1:56321 "GET /session/71053efd469192709cfe5a72e49cc1d2/url HTTP/1.1" 200 109</msg>
<msg timestamp="20190322 12:05:31.131" level="DEBUG">Finished Request</msg>
<msg timestamp="20190322 12:05:31.131" level="DEBUG">POST http://127.0.0.1:56321/session/71053efd469192709cfe5a72e49cc1d2/elements {"using": "xpath", "value": "//input[(@id='wp-submit' or @name='wp-submit' or @value='wp-submit' or @src='wp-submit' or @src='http://localhost/wordpress/wp-submit')]", "sessionId": "71053efd469192709cfe5a72e49cc1d2"}</msg>
<msg timestamp="20190322 12:05:31.145" level="DEBUG">http://127.0.0.1:56321 "POST /session/71053efd469192709cfe5a72e49cc1d2/elements HTTP/1.1" 200 103</msg>
<msg timestamp="20190322 12:05:31.145" level="DEBUG">Finished Request</msg>
<msg timestamp="20190322 12:05:31.145" level="DEBUG">POST http://127.0.0.1:56321/session/71053efd469192709cfe5a72e49cc1d2/element/0.833660776407539-3/click {"id": "0.833660776407539-3", "sessionId": "71053efd469192709cfe5a72e49cc1d2"}</msg>
<msg timestamp="20190322 12:05:32.723" level="DEBUG">http://127.0.0.1:56321 "POST /session/71053efd469192709cfe5a72e49cc1d2/element/0.833660776407539-3/click HTTP/1.1" 200 72</msg>
<msg timestamp="20190322 12:05:32.724" level="DEBUG">Finished Request</msg>
<msg timestamp="20190322 12:05:32.724" level="TRACE">Return: None</msg>
<status status="PASS" starttime="20190322 12:05:31.120" endtime="20190322 12:05:32.724"></status>
</kw>
<msg timestamp="20190322 12:05:32.725" level="TRACE">Return: None</msg>
<status status="PASS" starttime="20190322 12:05:31.118" endtime="20190322 12:05:32.725"></status>
</kw>
<kw name="Dashboard Should Be Open" library="demokeyword">
<msg timestamp="20190322 12:05:32.726" level="TRACE">Arguments: [  ]</msg>
<kw name="Title Should Be" library="Selenium2Library">
<doc>Verifies that current page title equals ``title``.</doc>
<arguments>
<arg>Dashboard ‹ NCS-Testing — WordPress</arg>
</arguments>
<msg timestamp="20190322 12:05:32.727" level="TRACE">Arguments: [ 'Dashboard ‹ NCS-Testing — WordPress' ]</msg>
<msg timestamp="20190322 12:05:32.727" level="DEBUG">GET http://127.0.0.1:56321/session/71053efd469192709cfe5a72e49cc1d2/title {"sessionId": "71053efd469192709cfe5a72e49cc1d2"}</msg>
<msg timestamp="20190322 12:05:32.764" level="DEBUG">http://127.0.0.1:56321 "GET /session/71053efd469192709cfe5a72e49cc1d2/title HTTP/1.1" 200 109</msg>
<msg timestamp="20190322 12:05:32.765" level="DEBUG">Finished Request</msg>
<msg timestamp="20190322 12:05:32.765" level="INFO">Page title is 'Dashboard ‹ NCS-Testing — WordPress'.</msg>
<msg timestamp="20190322 12:05:32.765" level="TRACE">Return: None</msg>
<status status="PASS" starttime="20190322 12:05:32.726" endtime="20190322 12:05:32.766"></status>
</kw>
<msg timestamp="20190322 12:05:32.766" level="TRACE">Return: None</msg>
<status status="PASS" starttime="20190322 12:05:32.725" endtime="20190322 12:05:32.766"></status>
</kw>
<msg timestamp="20190322 12:05:32.767" level="TRACE">Return: None</msg>
<status status="PASS" starttime="20190322 12:05:30.042" endtime="20190322 12:05:32.767"></status>
</kw>
<msg timestamp="20190322 12:05:32.767" level="TRACE">Return: None</msg>
<status status="PASS" starttime="20190322 12:05:29.298" endtime="20190322 12:05:32.767"></status>
</kw>
<kw name="Navigate To User Page" library="demokeyword">
<msg timestamp="20190322 12:05:32.768" level="TRACE">Arguments: [  ]</msg>
<kw name="Click Element" library="Selenium2Library">
<doc>Click element identified by ``locator``.</doc>
<arguments>
<arg>xpath://div[@class='wp-menu-image dashicons-before dashicons-admin-users']</arg>
</arguments>
<msg timestamp="20190322 12:05:32.769" level="TRACE">Arguments: [ "xpath://div[@class='wp-menu-image dashicons-before dashicons-admin-users']" ]</msg>
<msg timestamp="20190322 12:05:32.769" level="INFO">Clicking element 'xpath://div[@class='wp-menu-image dashicons-before dashicons-admin-users']'.</msg>
<msg timestamp="20190322 12:05:32.770" level="DEBUG">POST http://127.0.0.1:56321/session/71053efd469192709cfe5a72e49cc1d2/elements {"using": "xpath", "value": "//div[@class='wp-menu-image dashicons-before dashicons-admin-users']", "sessionId": "71053efd469192709cfe5a72e49cc1d2"}</msg>
<msg timestamp="20190322 12:05:32.821" level="DEBUG">http://127.0.0.1:56321 "POST /session/71053efd469192709cfe5a72e49cc1d2/elements HTTP/1.1" 200 104</msg>
<msg timestamp="20190322 12:05:32.822" level="DEBUG">Finished Request</msg>
<msg timestamp="20190322 12:05:32.822" level="DEBUG">POST http://127.0.0.1:56321/session/71053efd469192709cfe5a72e49cc1d2/element/0.8887897398911131-1/click {"id": "0.8887897398911131-1", "sessionId": "71053efd469192709cfe5a72e49cc1d2"}</msg>
<msg timestamp="20190322 12:05:34.201" level="DEBUG">http://127.0.0.1:56321 "POST /session/71053efd469192709cfe5a72e49cc1d2/element/0.8887897398911131-1/click HTTP/1.1" 200 72</msg>
<msg timestamp="20190322 12:05:34.202" level="DEBUG">Finished Request</msg>
<msg timestamp="20190322 12:05:34.202" level="TRACE">Return: None</msg>
<status status="PASS" starttime="20190322 12:05:32.769" endtime="20190322 12:05:34.202"></status>
</kw>
<msg timestamp="20190322 12:05:34.202" level="TRACE">Return: None</msg>
<status status="PASS" starttime="20190322 12:05:32.767" endtime="20190322 12:05:34.202"></status>
</kw>
<kw name="Click on &quot;Neu hinzufuegen&quot; (User)" library="demokeyword">
<msg timestamp="20190322 12:05:34.203" level="TRACE">Arguments: [  ]</msg>
<kw name="Click Element" library="Selenium2Library">
<doc>Click element identified by ``locator``.</doc>
<arguments>
<arg>link:Neu hinzufügen</arg>
</arguments>
<msg timestamp="20190322 12:05:34.204" level="TRACE">Arguments: [ 'link:Neu hinzufügen' ]</msg>
<msg timestamp="20190322 12:05:34.204" level="INFO">Clicking element 'link:Neu hinzufügen'.</msg>
<msg timestamp="20190322 12:05:34.205" level="DEBUG">POST http://127.0.0.1:56321/session/71053efd469192709cfe5a72e49cc1d2/elements {"using": "link text", "value": "Neu hinzuf\u00fcgen", "sessionId": "71053efd469192709cfe5a72e49cc1d2"}</msg>
<msg timestamp="20190322 12:05:34.443" level="DEBUG">http://127.0.0.1:56321 "POST /session/71053efd469192709cfe5a72e49cc1d2/elements HTTP/1.1" 200 105</msg>
<msg timestamp="20190322 12:05:34.444" level="DEBUG">Finished Request</msg>
[...]
<msg timestamp="20190322 12:06:34.194" level="TRACE">Return: None</msg>
<status status="PASS" starttime="20190322 12:06:33.941" endtime="20190322 12:06:34.195"></status>
</kw>
<msg timestamp="20190322 12:06:34.195" level="TRACE">Return: None</msg>
<status status="PASS" starttime="20190322 12:06:33.830" endtime="20190322 12:06:34.195"></status>
</kw>
<kw name="Search for User" library="demokeyword">
<msg timestamp="20190322 12:06:34.196" level="TRACE">Arguments: [  ]</msg>
<kw name="Click Button" library="Selenium2Library">
<doc>Clicks button identified by ``locator``.</doc>
<arguments>
<arg>search-submit</arg>
</arguments>
<msg timestamp="20190322 12:06:34.196" level="TRACE">Arguments: [ 'search-submit' ]</msg>
<msg timestamp="20190322 12:06:34.196" level="INFO">Clicking button 'search-submit'.</msg>
<msg timestamp="20190322 12:06:34.197" level="DEBUG">GET http://127.0.0.1:56321/session/71053efd469192709cfe5a72e49cc1d2/url {"sessionId": "71053efd469192709cfe5a72e49cc1d2"}</msg>
<msg timestamp="20190322 12:06:34.210" level="DEBUG">http://127.0.0.1:56321 "GET /session/71053efd469192709cfe5a72e49cc1d2/url HTTP/1.1" 200 115</msg>
<msg timestamp="20190322 12:06:34.211" level="DEBUG">Finished Request</msg>
<msg timestamp="20190322 12:06:34.211" level="DEBUG">POST http://127.0.0.1:56321/session/71053efd469192709cfe5a72e49cc1d2/elements {"using": "xpath", "value": "//input[(@id='search-submit' or @name='search-submit' or @value='search-submit' or @src='search-submit' or @src='http://localhost/wordpress/wp-admin/search-submit')]", "sessionId": "71053efd469192709cfe5a72e49cc1d2"}</msg>
<msg timestamp="20190322 12:06:34.232" level="DEBUG">http://127.0.0.1:56321 "POST /session/71053efd469192709cfe5a72e49cc1d2/elements HTTP/1.1" 200 104</msg>
<msg timestamp="20190322 12:06:34.233" level="DEBUG">Finished Request</msg>
<msg timestamp="20190322 12:06:34.233" level="DEBUG">POST http://127.0.0.1:56321/session/71053efd469192709cfe5a72e49cc1d2/element/0.6802192084964493-2/click {"id": "0.6802192084964493-2", "sessionId": "71053efd469192709cfe5a72e49cc1d2"}</msg>
<msg timestamp="20190322 12:06:35.587" level="DEBUG">http://127.0.0.1:56321 "POST /session/71053efd469192709cfe5a72e49cc1d2/element/0.6802192084964493-2/click HTTP/1.1" 200 72</msg>
<msg timestamp="20190322 12:06:35.587" level="DEBUG">Finished Request</msg>
<msg timestamp="20190322 12:06:35.588" level="TRACE">Return: None</msg>
<status status="PASS" starttime="20190322 12:06:34.196" endtime="20190322 12:06:35.588"></status>
</kw>
<msg timestamp="20190322 12:06:35.588" level="TRACE">Return: None</msg>
<status status="PASS" starttime="20190322 12:06:34.195" endtime="20190322 12:06:35.588"></status>
</kw>
<kw name="Mouseover over the user" library="demokeyword">
<msg timestamp="20190322 12:06:35.589" level="TRACE">Arguments: [  ]</msg>
<kw name="Mouse Over" library="Selenium2Library">
<doc>Simulates hovering mouse over the element ``locator``.</doc>
<arguments>
<arg>xpath:.//td[@class='username column-username has-row-actions column-primary'][1]/strong</arg>
</arguments>
<msg timestamp="20190322 12:06:35.589" level="TRACE">Arguments: [ "xpath:.//td[@class='username column-username has-row-actions column-primary'][1]/strong" ]</msg>
<msg timestamp="20190322 12:06:35.590" level="INFO">Simulating Mouse Over on element 'xpath:.//td[@class='username column-username has-row-actions column-primary'][1]/strong'.</msg>
<msg timestamp="20190322 12:06:35.590" level="DEBUG">POST http://127.0.0.1:56321/session/71053efd469192709cfe5a72e49cc1d2/elements {"using": "xpath", "value": ".//td[@class='username column-username has-row-actions column-primary'][1]/strong", "sessionId": "71053efd469192709cfe5a72e49cc1d2"}</msg>
<msg timestamp="20190322 12:06:35.622" level="DEBUG">http://127.0.0.1:56321 "POST /session/71053efd469192709cfe5a72e49cc1d2/elements HTTP/1.1" 200 106</msg>
<msg timestamp="20190322 12:06:35.623" level="DEBUG">Finished Request</msg>
<msg timestamp="20190322 12:06:35.624" level="DEBUG">POST http://127.0.0.1:56321/session/71053efd469192709cfe5a72e49cc1d2/moveto {"element": "0.008850614049824124-1", "sessionId": "71053efd469192709cfe5a72e49cc1d2"}</msg>
<msg timestamp="20190322 12:06:35.657" level="DEBUG">http://127.0.0.1:56321 "POST /session/71053efd469192709cfe5a72e49cc1d2/moveto HTTP/1.1" 200 72</msg>
<msg timestamp="20190322 12:06:35.657" level="DEBUG">Finished Request</msg>
<msg timestamp="20190322 12:06:35.657" level="TRACE">Return: None</msg>
<status status="PASS" starttime="20190322 12:06:35.589" endtime="20190322 12:06:35.657"></status>
</kw>
<msg timestamp="20190322 12:06:35.658" level="TRACE">Return: None</msg>
<status status="PASS" starttime="20190322 12:06:35.588" endtime="20190322 12:06:35.658"></status>
</kw>
<kw name="Click on &quot;Loeschen&quot;" library="demokeyword">
<msg timestamp="20190322 12:06:35.658" level="TRACE">Arguments: [  ]</msg>
<kw name="Click Element" library="Selenium2Library">
<doc>Click element identified by ``locator``.</doc>
<arguments>
<arg>xpath://tr/td[@class='username column-username has-row-actions column-primary']/div/span[@class='delete']</arg>
</arguments>
<msg timestamp="20190322 12:06:35.659" level="TRACE">Arguments: [ "xpath://tr/td[@class='username column-username has-row-actions column-primary']/div/span[@class='delete']" ]</msg>
<msg timestamp="20190322 12:06:35.659" level="INFO">Clicking element 'xpath://tr/td[@class='username column-username has-row-actions column-primary']/div/span[@class='delete']'.</msg>
<msg timestamp="20190322 12:06:35.659" level="DEBUG">POST http://127.0.0.1:56321/session/71053efd469192709cfe5a72e49cc1d2/elements {"using": "xpath", "value": "//tr/td[@class='username column-username has-row-actions column-primary']/div/span[@class='delete']", "sessionId": "71053efd469192709cfe5a72e49cc1d2"}</msg>
<msg timestamp="20190322 12:06:35.682" level="DEBUG">http://127.0.0.1:56321 "POST /session/71053efd469192709cfe5a72e49cc1d2/elements HTTP/1.1" 200 106</msg>
<msg timestamp="20190322 12:06:35.682" level="DEBUG">Finished Request</msg>
<msg timestamp="20190322 12:06:35.682" level="DEBUG">POST http://127.0.0.1:56321/session/71053efd469192709cfe5a72e49cc1d2/element/0.008850614049824124-2/click {"id": "0.008850614049824124-2", "sessionId": "71053efd469192709cfe5a72e49cc1d2"}</msg>
<msg timestamp="20190322 12:06:36.690" level="DEBUG">http://127.0.0.1:56321 "POST /session/71053efd469192709cfe5a72e49cc1d2/element/0.008850614049824124-2/click HTTP/1.1" 200 72</msg>
<msg timestamp="20190322 12:06:36.691" level="DEBUG">Finished Request</msg>
<msg timestamp="20190322 12:06:36.691" level="TRACE">Return: None</msg>
<status status="PASS" starttime="20190322 12:06:35.659" endtime="20190322 12:06:36.691"></status>
</kw>
<msg timestamp="20190322 12:06:36.691" level="TRACE">Return: None</msg>
<status status="PASS" starttime="20190322 12:06:35.658" endtime="20190322 12:06:36.691"></status>
</kw>
<kw name="Click on &quot;Den gesamten Inhalt loeschen&quot; if possible" library="demokeyword">
<msg timestamp="20190322 12:06:36.692" level="TRACE">Arguments: [  ]</msg>
<kw name="Run Keyword And Return Status" library="BuiltIn">
<doc>Runs the given keyword with given arguments and returns the status as a Boolean value.</doc>
<arguments>
<arg>element should be visible</arg>
<arg>xpath://*[@id='delete_option0']</arg>
</arguments>
<assign>
<var>${Check}</var>
</assign>
<msg timestamp="20190322 12:06:36.692" level="TRACE">Arguments: [ 'element should be visible' | "xpath://*[@id='delete_option0']" ]</msg>
<kw name="Element Should Be Visible" library="Selenium2Library">
<doc>Verifies that the element identified by ``locator`` is visible.</doc>
<arguments>
<arg>xpath://*[@id='delete_option0']</arg>
</arguments>
<msg timestamp="20190322 12:06:36.693" level="TRACE">Arguments: [ "xpath://*[@id='delete_option0']" ]</msg>
<msg timestamp="20190322 12:06:36.693" level="DEBUG">POST http://127.0.0.1:56321/session/71053efd469192709cfe5a72e49cc1d2/elements {"using": "xpath", "value": "//*[@id='delete_option0']", "sessionId": "71053efd469192709cfe5a72e49cc1d2"}</msg>
<msg timestamp="20190322 12:06:36.711" level="DEBUG">http://127.0.0.1:56321 "POST /session/71053efd469192709cfe5a72e49cc1d2/elements HTTP/1.1" 200 70</msg>
<msg timestamp="20190322 12:06:36.711" level="DEBUG">Finished Request</msg>
<kw name="Capture Page Screenshot" library="Selenium2Library">
<doc>Takes screenshot of the current page and embeds it into log file.</doc>
<msg timestamp="20190322 12:06:36.712" level="TRACE">Arguments: [  ]</msg>
<msg timestamp="20190322 12:06:36.738" level="DEBUG">GET http://127.0.0.1:56321/session/71053efd469192709cfe5a72e49cc1d2/screenshot {"sessionId": "71053efd469192709cfe5a72e49cc1d2"}</msg>
<msg timestamp="20190322 12:06:37.205" level="DEBUG">http://127.0.0.1:56321 "GET /session/71053efd469192709cfe5a72e49cc1d2/screenshot HTTP/1.1" 200 45402</msg>
<msg timestamp="20190322 12:06:37.205" level="DEBUG">Finished Request</msg>
<msg timestamp="20190322 12:06:37.207" level="INFO" html="yes">&lt;/td&gt;&lt;/tr&gt;&lt;tr&gt;&lt;td colspan="3"&gt;&lt;a href="selenium-screenshot-11.png"&gt;&lt;img src="selenium-screenshot-11.png" width="800px"&gt;&lt;/a&gt;</msg>
<msg timestamp="20190322 12:06:37.208" level="TRACE">Return: 'C:\\Users\\ZTE_testing\\PycharmProjects\\robot\\selenium-screenshot-11.png'</msg>
<status status="PASS" starttime="20190322 12:06:36.712" endtime="20190322 12:06:37.208"></status>
</kw>
<msg timestamp="20190322 12:06:37.274" level="FAIL">Element with locator 'xpath://*[@id='delete_option0']' not found.</msg>
<msg timestamp="20190322 12:06:37.274" level="DEBUG">Traceback (most recent call last):
  File "C:\Program Files\Python37\Lib\site-packages\SeleniumLibrary\__init__.py", line 372, in run_keyword
    return DynamicCore.run_keyword(self, name, args, kwargs)
  File "C:\Program Files\Python37\Lib\site-packages\SeleniumLibrary\base\robotlibcore.py", line 102, in run_keyword
    return self.keywords[name](*args, **kwargs)
  File "C:\Program Files\Python37\Lib\site-packages\SeleniumLibrary\keywords\element.py", line 287, in element_should_be_visible
    if not self.find_element(locator).is_displayed():
  File "C:\Program Files\Python37\Lib\site-packages\SeleniumLibrary\base\context.py", line 62, in find_element
    return self.element_finder.find(locator, tag, True, required, parent)
  File "C:\Program Files\Python37\Lib\site-packages\SeleniumLibrary\locators\elementfinder.py", line 76, in find
    % (element_type, locator))</msg>
<status status="FAIL" starttime="20190322 12:06:36.693" endtime="20190322 12:06:37.275"></status>
</kw>
<msg timestamp="20190322 12:06:37.275" level="TRACE">Return: False</msg>
<msg timestamp="20190322 12:06:37.275" level="INFO">${Check} = False</msg>
<status status="PASS" starttime="20190322 12:06:36.692" endtime="20190322 12:06:37.275"></status>
</kw>
<kw name="Run Keyword If" library="BuiltIn">
<doc>Runs the given keyword with the given arguments, if ``condition`` is true.</doc>
<arguments>
<arg>${Check}</arg>
<arg>click element</arg>
<arg>xpath://*[@id='delete_option0']</arg>
</arguments>
<msg timestamp="20190322 12:06:37.276" level="TRACE">Arguments: [ False | 'click element' | "xpath://*[@id='delete_option0']" ]</msg>
<msg timestamp="20190322 12:06:37.276" level="TRACE">Return: None</msg>
<status status="PASS" starttime="20190322 12:06:37.275" endtime="20190322 12:06:37.276"></status>
</kw>
<msg timestamp="20190322 12:06:37.276" level="TRACE">Return: None</msg>
<status status="PASS" starttime="20190322 12:06:36.692" endtime="20190322 12:06:37.276"></status>
</kw>
<kw name="Click on &quot;Loeschen bestaetigen&quot;" library="demokeyword">
<msg timestamp="20190322 12:06:37.277" level="TRACE">Arguments: [  ]</msg>
<kw name="Click Button" library="Selenium2Library">
<doc>Clicks button identified by ``locator``.</doc>
<arguments>
<arg>xpath://*[@id='submit']</arg>
</arguments>
<msg timestamp="20190322 12:06:37.278" level="TRACE">Arguments: [ "xpath://*[@id='submit']" ]</msg>
<msg timestamp="20190322 12:06:37.278" level="INFO">Clicking button 'xpath://*[@id='submit']'.</msg>
<msg timestamp="20190322 12:06:37.278" level="DEBUG">POST http://127.0.0.1:56321/session/71053efd469192709cfe5a72e49cc1d2/elements {"using": "xpath", "value": "//*[@id='submit']", "sessionId": "71053efd469192709cfe5a72e49cc1d2"}</msg>
<msg timestamp="20190322 12:06:37.305" level="DEBUG">http://127.0.0.1:56321 "POST /session/71053efd469192709cfe5a72e49cc1d2/elements HTTP/1.1" 200 104</msg>
<msg timestamp="20190322 12:06:37.305" level="DEBUG">Finished Request</msg>
<msg timestamp="20190322 12:06:37.306" level="DEBUG">GET http://127.0.0.1:56321/session/71053efd469192709cfe5a72e49cc1d2/element/0.8850449420881246-1/name {"id": "0.8850449420881246-1", "sessionId": "71053efd469192709cfe5a72e49cc1d2"}</msg>
<msg timestamp="20190322 12:06:37.319" level="DEBUG">http://127.0.0.1:56321 "GET /session/71053efd469192709cfe5a72e49cc1d2/element/0.8850449420881246-1/name HTTP/1.1" 200 75</msg>
<msg timestamp="20190322 12:06:37.319" level="DEBUG">Finished Request</msg>
<msg timestamp="20190322 12:06:37.319" level="DEBUG">POST http://127.0.0.1:56321/session/71053efd469192709cfe5a72e49cc1d2/element/0.8850449420881246-1/click {"id": "0.8850449420881246-1", "sessionId": "71053efd469192709cfe5a72e49cc1d2"}</msg>
<msg timestamp="20190322 12:06:39.329" level="DEBUG">http://127.0.0.1:56321 "POST /session/71053efd469192709cfe5a72e49cc1d2/element/0.8850449420881246-1/click HTTP/1.1" 200 72</msg>
<msg timestamp="20190322 12:06:39.329" level="DEBUG">Finished Request</msg>
<msg timestamp="20190322 12:06:39.330" level="TRACE">Return: None</msg>
<status status="PASS" starttime="20190322 12:06:37.277" endtime="20190322 12:06:39.330"></status>
</kw>
<msg timestamp="20190322 12:06:39.330" level="TRACE">Return: None</msg>
<status status="PASS" starttime="20190322 12:06:37.277" endtime="20190322 12:06:39.330"></status>
</kw>
<kw name="Check if the user is deleted" library="demokeyword">
<msg timestamp="20190322 12:06:39.331" level="TRACE">Arguments: [  ]</msg>
<kw name="Wait Until Element Contains" library="Selenium2Library">
<doc>Waits until element ``locator`` contains ``text``.</doc>
<arguments>
<arg>xpath://div[@id='message']/p</arg>
<arg>Benutzer gelöscht</arg>
</arguments>
<msg timestamp="20190322 12:06:39.332" level="TRACE">Arguments: [ "xpath://div[@id='message']/p" | 'Benutzer gelöscht' ]</msg>
<msg timestamp="20190322 12:06:39.333" level="DEBUG">POST http://127.0.0.1:56321/session/71053efd469192709cfe5a72e49cc1d2/elements {"using": "xpath", "value": "//div[@id='message']/p", "sessionId": "71053efd469192709cfe5a72e49cc1d2"}</msg>
<msg timestamp="20190322 12:06:39.359" level="DEBUG">http://127.0.0.1:56321 "POST /session/71053efd469192709cfe5a72e49cc1d2/elements HTTP/1.1" 200 104</msg>
<msg timestamp="20190322 12:06:39.360" level="DEBUG">Finished Request</msg>
<msg timestamp="20190322 12:06:39.360" level="DEBUG">GET http://127.0.0.1:56321/session/71053efd469192709cfe5a72e49cc1d2/element/0.9089764314447959-1/text {"id": "0.9089764314447959-1", "sessionId": "71053efd469192709cfe5a72e49cc1d2"}</msg>
<msg timestamp="20190322 12:06:39.390" level="DEBUG">http://127.0.0.1:56321 "GET /session/71053efd469192709cfe5a72e49cc1d2/element/0.9089764314447959-1/text HTTP/1.1" 200 88</msg>
<msg timestamp="20190322 12:06:39.390" level="DEBUG">Finished Request</msg>
<msg timestamp="20190322 12:06:39.390" level="TRACE">Return: None</msg>
<status status="PASS" starttime="20190322 12:06:39.332" endtime="20190322 12:06:39.390"></status>
</kw>
<msg timestamp="20190322 12:06:39.390" level="TRACE">Return: None</msg>
<status status="PASS" starttime="20190322 12:06:39.331" endtime="20190322 12:06:39.391"></status>
</kw>
<kw name="Screenshot" library="demokeyword">
<arguments>
<arg>DeleteUser_${Benutzername}.png</arg>
</arguments>
<msg timestamp="20190322 12:06:39.391" level="TRACE">Arguments: [ ${filename}='DeleteUser_stweiss_robot.png' ]</msg>
<kw name="Capture Page Screenshot" library="Selenium2Library">
<doc>Takes screenshot of the current page and embeds it into log file.</doc>
<arguments>
<arg>${filename}</arg>
</arguments>
<msg timestamp="20190322 12:06:39.392" level="TRACE">Arguments: [ 'DeleteUser_stweiss_robot.png' ]</msg>
<msg timestamp="20190322 12:06:39.392" level="DEBUG">GET http://127.0.0.1:56321/session/71053efd469192709cfe5a72e49cc1d2/screenshot {"sessionId": "71053efd469192709cfe5a72e49cc1d2"}</msg>
<msg timestamp="20190322 12:06:39.818" level="DEBUG">http://127.0.0.1:56321 "GET /session/71053efd469192709cfe5a72e49cc1d2/screenshot HTTP/1.1" 200 115718</msg>
<msg timestamp="20190322 12:06:39.819" level="DEBUG">Finished Request</msg>
<msg timestamp="20190322 12:06:39.822" level="INFO" html="yes">&lt;/td&gt;&lt;/tr&gt;&lt;tr&gt;&lt;td colspan="3"&gt;&lt;a href="DeleteUser_stweiss_robot.png"&gt;&lt;img src="DeleteUser_stweiss_robot.png" width="800px"&gt;&lt;/a&gt;</msg>
<msg timestamp="20190322 12:06:39.822" level="TRACE">Return: 'C:\\Users\\ZTE_testing\\PycharmProjects\\robot\\DeleteUser_stweiss_robot.png'</msg>
<status status="PASS" starttime="20190322 12:06:39.392" endtime="20190322 12:06:39.822"></status>
</kw>
<msg timestamp="20190322 12:06:39.822" level="TRACE">Return: None</msg>
<status status="PASS" starttime="20190322 12:06:39.391" endtime="20190322 12:06:39.822"></status>
</kw>
<msg timestamp="20190322 12:06:39.822" level="TRACE">Return: None</msg>
<status status="PASS" starttime="20190322 12:06:32.792" endtime="20190322 12:06:39.822"></status>
</kw>
<kw name="Delete User Loop with Template" library="demokeyword">
<arguments>
<arg>stweiss-robot1</arg>
</arguments>
<msg timestamp="20190322 12:06:39.822" level="TRACE">Arguments: [ ${Benutzername}='stweiss-robot1' ]</msg>
<kw name="Navigate To User Page" library="demokeyword">
<msg timestamp="20190322 12:06:39.823" level="TRACE">Arguments: [  ]</msg>
<kw name="Click Element" library="Selenium2Library">
<doc>Click element identified by ``locator``.</doc>
<arguments>
<arg>xpath://div[@class='wp-menu-image dashicons-before dashicons-admin-users']</arg>
</arguments>
<msg timestamp="20190322 12:06:39.823" level="TRACE">Arguments: [ "xpath://div[@class='wp-menu-image dashicons-before dashicons-admin-users']" ]</msg>
<msg timestamp="20190322 12:06:39.823" level="INFO">Clicking element 'xpath://div[@class='wp-menu-image dashicons-before dashicons-admin-users']'.</msg>
<msg timestamp="20190322 12:06:39.824" level="DEBUG">POST http://127.0.0.1:56321/session/71053efd469192709cfe5a72e49cc1d2/elements {"using": "xpath", "value": "//div[@class='wp-menu-image dashicons-before dashicons-admin-users']", "sessionId": "71053efd469192709cfe5a72e49cc1d2"}</msg>
<msg timestamp="20190322 12:06:39.835" level="DEBUG">http://127.0.0.1:56321 "POST /session/71053efd469192709cfe5a72e49cc1d2/elements HTTP/1.1" 200 104</msg>
<msg timestamp="20190322 12:06:39.836" level="DEBUG">Finished Request</msg>
<msg timestamp="20190322 12:06:39.836" level="DEBUG">POST http://127.0.0.1:56321/session/71053efd469192709cfe5a72e49cc1d2/element/0.9089764314447959-2/click {"id": "0.9089764314447959-2", "sessionId": "71053efd469192709cfe5a72e49cc1d2"}</msg>
<msg timestamp="20190322 12:06:40.986" level="DEBUG">http://127.0.0.1:56321 "POST /session/71053efd469192709cfe5a72e49cc1d2/element/0.9089764314447959-2/click HTTP/1.1" 200 72</msg>
<msg timestamp="20190322 12:06:40.986" level="DEBUG">Finished Request</msg>
<msg timestamp="20190322 12:06:40.986" level="TRACE">Return: None</msg>
<status status="PASS" starttime="20190322 12:06:39.823" endtime="20190322 12:06:40.986"></status>
</kw>
<msg timestamp="20190322 12:06:40.987" level="TRACE">Return: None</msg>
<status status="PASS" starttime="20190322 12:06:39.823" endtime="20190322 12:06:40.987"></status>
</kw>
<kw name="Enter username in searchfield" library="demokeyword">
<arguments>
<arg>${Benutzername}</arg>
</arguments>
<msg timestamp="20190322 12:06:40.988" level="TRACE">Arguments: [ ${username}='stweiss-robot1' ]</msg>